#
# There is insufficient memory for the Java Runtime Environment to continue.
# Native memory allocation (mmap) failed to map 121110528 bytes for committing reserved memory.
# Possible reasons:
#   The system is out of physical RAM or swap space
#   In 32 bit mode, the process size limit was hit
# Possible solutions:
#   Reduce memory load on the system
#   Increase physical memory or swap space
#   Check if swap backing store is full
#   Use 64 bit Java on a 64 bit OS
#   Decrease Java heap size (-Xmx/-Xms)
#   Decrease number of Java threads
#   Decrease Java thread stack sizes (-Xss)
#   Set larger code cache with -XX:ReservedCodeCacheSize=
# This output file may be truncated or incomplete.
#
#  Out of Memory Error (os_linux.cpp:2640), pid=18853, tid=0x00007faaf19f9700
#
# JRE version: Java(TM) SE Runtime Environment (8.0_144-b01) (build 1.8.0_144-b01)
# Java VM: Java HotSpot(TM) 64-Bit Server VM (25.144-b01 mixed mode linux-amd64 compressed oops)
# Failed to write core dump. Core dumps have been disabled. To enable core dumping, try "ulimit -c unlimited" before starting Java again
#

---------------  T H R E A D  ---------------

Current thread (0x00007fab08078000):  VMThread [stack: 0x00007faaf18f9000,0x00007faaf19fa000] [id=18862]

Stack: [0x00007faaf18f9000,0x00007faaf19fa000],  sp=0x00007faaf19f8260,  free space=1020k
Native frames: (J=compiled Java code, j=interpreted, Vv=VM code, C=native code)
V  [libjvm.so+0xacb18a]  VMError::report_and_die()+0x2ba
V  [libjvm.so+0x4ff4db]  report_vm_out_of_memory(char const*, int, unsigned long, VMErrorType, char const*)+0x8b
V  [libjvm.so+0x927d23]  os::Linux::commit_memory_impl(char*, unsigned long, bool)+0x103
V  [libjvm.so+0x928279]  os::pd_commit_memory(char*, unsigned long, unsigned long, bool)+0x29
V  [libjvm.so+0x92249a]  os::commit_memory(char*, unsigned long, unsigned long, bool)+0x2a
V  [libjvm.so+0x996ff3]  PSVirtualSpace::expand_by(unsigned long)+0x53
V  [libjvm.so+0x9983f8]  PSYoungGen::resize_generation(unsigned long, unsigned long)+0xf8
V  [libjvm.so+0x997552]  PSYoungGen::resize(unsigned long, unsigned long)+0x22
V  [libjvm.so+0x99482b]  PSScavenge::invoke_no_policy()+0xf3b
V  [libjvm.so+0x994fb1]  PSScavenge::invoke()+0x41
V  [libjvm.so+0x94bce0]  ParallelScavengeHeap::failed_mem_allocate(unsigned long)+0x70
V  [libjvm.so+0xaccba7]  VM_ParallelGCFailedAllocation::doit()+0x97
V  [libjvm.so+0xad4685]  VM_Operation::evaluate()+0x55
V  [libjvm.so+0xad2a5a]  VMThread::evaluate_operation(VM_Operation*)+0xba
V  [libjvm.so+0xad2dde]  VMThread::loop()+0x1ce
V  [libjvm.so+0xad3250]  VMThread::run()+0x70
V  [libjvm.so+0x92a338]  java_start(Thread*)+0x108

VM_Operation (0x00007faaeb1e5330): ParallelGCFailedAllocation, mode: safepoint, requested by thread 0x00007faab0007000


---------------  P R O C E S S  ---------------

Java Threads: ( => current thread )
  0x00007faa9c85e000 JavaThread "Cache worker for task history cache (/home/iliak/IdeaProjects/tasks/.gradle/3.5.1/taskHistory)" [_thread_blocked, id=18890, stack(0x00007faae970e000,0x00007faae980f000)]
  0x00007faa9c84a000 JavaThread "Memory manager" [_thread_blocked, id=18889, stack(0x00007faae980f000,0x00007faae9910000)]
  0x00007faa9c1dd800 JavaThread "Cache worker for Artifact transforms cache (/home/iliak/.gradle/caches/transforms-1)" [_thread_blocked, id=18887, stack(0x00007faae9d6b000,0x00007faae9e6c000)]
  0x00007faa9c0e9800 JavaThread "File lock request listener" [_thread_in_native, id=18883, stack(0x00007faaeaae6000,0x00007faaeabe7000)]
  0x00007faa9c0e0800 JavaThread "Cache worker for file hash cache (/home/iliak/.gradle/caches/3.5.1/fileHashes)" [_thread_blocked, id=18882, stack(0x00007faaeabe7000,0x00007faaeace8000)]
  0x00007faa9c00e000 JavaThread "Stdin handler" [_thread_blocked, id=18881, stack(0x00007faaeaee8000,0x00007faaeafe9000)]
  0x00007faa9c012000 JavaThread "Asynchronous log dispatcher for DefaultDaemonConnection: socket connection from /0:0:0:0:0:0:0:1:41520 to /0:0:0:0:0:0:0:1:54812" [_thread_blocked, id=18880, stack(0x00007faaeafe9000,0x00007faaeb0ea000)]
  0x00007faab0007000 JavaThread "Daemon worker" [_thread_blocked, id=18877, stack(0x00007faaeb0ea000,0x00007faaeb1eb000)]
  0x00007faab0004000 JavaThread "Cancel handler" [_thread_blocked, id=18876, stack(0x00007faaeb1eb000,0x00007faaeb2ec000)]
  0x00007faab0005800 JavaThread "Handler for socket connection from /0:0:0:0:0:0:0:1:41520 to /0:0:0:0:0:0:0:1:54812" [_thread_in_native, id=18875, stack(0x00007faaeb2ec000,0x00007faaeb3ed000)]
  0x00007faab802f000 JavaThread "Daemon" [_thread_blocked, id=18874, stack(0x00007faaeb3ed000,0x00007faaeb4ee000)]
  0x00007fab08d24800 JavaThread "Daemon periodic checks" [_thread_blocked, id=18873, stack(0x00007faaeb4ee000,0x00007faaeb5ef000)]
  0x00007fab08ce7800 JavaThread "Incoming local TCP Connector on port 41520" [_thread_in_native, id=18872, stack(0x00007faaeb5f6000,0x00007faaeb6f7000)]
  0x00007fab08c9f800 JavaThread "Daemon health stats" [_thread_blocked, id=18871, stack(0x00007faaeb8f7000,0x00007faaeb9f8000)]
  0x00007fab080c8800 JavaThread "Service Thread" daemon [_thread_blocked, id=18869, stack(0x00007faaf0df8000,0x00007faaf0ef9000)]
  0x00007fab080bd800 JavaThread "C1 CompilerThread2" daemon [_thread_blocked, id=18868, stack(0x00007faaf0ef9000,0x00007faaf0ffa000)]
  0x00007fab080bb800 JavaThread "C2 CompilerThread1" daemon [_thread_blocked, id=18867, stack(0x00007faaf0ffa000,0x00007faaf10fb000)]
  0x00007fab080b8800 JavaThread "C2 CompilerThread0" daemon [_thread_blocked, id=18866, stack(0x00007faaf10fb000,0x00007faaf11fc000)]
  0x00007fab080b7000 JavaThread "Signal Dispatcher" daemon [_thread_blocked, id=18865, stack(0x00007faaf11fc000,0x00007faaf12fd000)]
  0x00007fab08084000 JavaThread "Finalizer" daemon [_thread_blocked, id=18864, stack(0x00007faaf16f7000,0x00007faaf17f8000)]
  0x00007fab0807f800 JavaThread "Reference Handler" daemon [_thread_blocked, id=18863, stack(0x00007faaf17f8000,0x00007faaf18f9000)]
  0x00007fab0800a000 JavaThread "main" [_thread_blocked, id=18857, stack(0x00007fab100f9000,0x00007fab101fa000)]

Other Threads:
=>0x00007fab08078000 VMThread [stack: 0x00007faaf18f9000,0x00007faaf19fa000] [id=18862]
  0x00007fab080cb800 WatcherThread [stack: 0x00007faaf0cf7000,0x00007faaf0df8000] [id=18870]

VM state:at safepoint (normal execution)

VM Mutex/Monitor currently owned by a thread:  ([mutex/lock_event])
[0x00007fab080062a0] Threads_lock - owner thread: 0x00007fab08078000
[0x00007fab080067a0] Heap_lock - owner thread: 0x00007faab0007000

Heap:
 PSYoungGen      total 133632K, used 10725K [0x00000000eab00000, 0x00000000f3880000, 0x0000000100000000)
  eden space 122880K, 0% used [0x00000000eab00000,0x00000000eab00000,0x00000000f2300000)
  from space 10752K, 99% used [0x00000000f2380000,0x00000000f2df9620,0x00000000f2e00000)
  to   space 8192K, 0% used [0x00000000f3080000,0x00000000f3080000,0x00000000f3880000)
 ParOldGen       total 34816K, used 11991K [0x00000000c0000000, 0x00000000c2200000, 0x00000000eab00000)
  object space 34816K, 34% used [0x00000000c0000000,0x00000000c0bb5e20,0x00000000c2200000)
 Metaspace       used 34424K, capacity 35058K, committed 35376K, reserved 1079296K
  class space    used 4890K, capacity 5051K, committed 5168K, reserved 1048576K

Card table byte_map: [0x00007fab0ccae000,0x00007fab0ceaf000] byte_map_base: 0x00007fab0c6ae000

Marking Bits: (ParMarkBitMap*) 0x00007fab0f5d7dc0
 Begin Bits: [0x00007faaf2000000, 0x00007faaf3000000)
 End Bits:   [0x00007faaf3000000, 0x00007faaf4000000)

Polling page: 0x00007fab10225000

CodeCache: size=245760Kb used=10889Kb max_used=10966Kb free=234870Kb
 bounds [0x00007faaf9000000, 0x00007faaf9ad0000, 0x00007fab08000000]
 total_blobs=3661 nmethods=2969 adapters=604
 compilation: enabled

Compilation events (10 events):
Event: 93,490 Thread 0x00007fab080bb800 3271       4       java.util.HashMap$ValueIterator::next (8 bytes)
Event: 93,494 Thread 0x00007fab080bd800 3272   !   3       org.gradle.internal.classloader.CachingClassLoader::loadClass (85 bytes)
Event: 93,495 Thread 0x00007fab080bb800 nmethod 3271 0x00007faaf94c20d0 code [0x00007faaf94c2220, 0x00007faaf94c2418]
Event: 93,495 Thread 0x00007fab080bd800 nmethod 3272 0x00007faaf94c2f50 code [0x00007faaf94c3120, 0x00007faaf94c3868]
Event: 93,495 Thread 0x00007fab080bd800 3273       3       com.google.common.collect.MapMakerInternalMap::get (23 bytes)
Event: 93,496 Thread 0x00007fab080bd800 nmethod 3273 0x00007faaf94c2590 code [0x00007faaf94c2740, 0x00007faaf94c2cf8]
Event: 93,499 Thread 0x00007fab080bd800 3274       3       org.gradle.model.internal.registry.ModelNodeInternal::isAtLeast (17 bytes)
Event: 93,499 Thread 0x00007fab080bd800 nmethod 3274 0x00007faaf94b9150 code [0x00007faaf94b92e0, 0x00007faaf94b95f8]
Event: 93,499 Thread 0x00007fab080bd800 3275       3       org.gradle.api.internal.DefaultDomainObjectCollection$IteratorImpl::next (18 bytes)
Event: 93,499 Thread 0x00007fab080bd800 nmethod 3275 0x00007faaf94b8cd0 code [0x00007faaf94b8e40, 0x00007faaf94b9088]

GC Heap History (10 events):
Event: 11,782 GC heap after
Heap after GC invocations=3 (full 0):
 PSYoungGen      total 34304K, used 2544K [0x00000000eab00000, 0x00000000eee00000, 0x0000000100000000)
  eden space 31744K, 0% used [0x00000000eab00000,0x00000000eab00000,0x00000000eca00000)
  from space 2560K, 99% used [0x00000000eca00000,0x00000000ecc7c010,0x00000000ecc80000)
  to   space 2560K, 0% used [0x00000000eeb80000,0x00000000eeb80000,0x00000000eee00000)
 ParOldGen       total 42496K, used 3615K [0x00000000c0000000, 0x00000000c2980000, 0x00000000eab00000)
  object space 42496K, 8% used [0x00000000c0000000,0x00000000c0387d08,0x00000000c2980000)
 Metaspace       used 11786K, capacity 12122K, committed 12288K, reserved 1060864K
  class space    used 1623K, capacity 1737K, committed 1792K, reserved 1048576K
}
Event: 17,301 GC heap before
{Heap before GC invocations=4 (full 0):
 PSYoungGen      total 34304K, used 34288K [0x00000000eab00000, 0x00000000eee00000, 0x0000000100000000)
  eden space 31744K, 100% used [0x00000000eab00000,0x00000000eca00000,0x00000000eca00000)
  from space 2560K, 99% used [0x00000000eca00000,0x00000000ecc7c010,0x00000000ecc80000)
  to   space 2560K, 0% used [0x00000000eeb80000,0x00000000eeb80000,0x00000000eee00000)
 ParOldGen       total 42496K, used 3615K [0x00000000c0000000, 0x00000000c2980000, 0x00000000eab00000)
  object space 42496K, 8% used [0x00000000c0000000,0x00000000c0387d08,0x00000000c2980000)
 Metaspace       used 14953K, capacity 15322K, committed 15616K, reserved 1062912K
  class space    used 2149K, capacity 2249K, committed 2304K, reserved 1048576K
Event: 17,316 GC heap after
Heap after GC invocations=4 (full 0):
 PSYoungGen      total 66048K, used 2528K [0x00000000eab00000, 0x00000000eee00000, 0x0000000100000000)
  eden space 63488K, 0% used [0x00000000eab00000,0x00000000eab00000,0x00000000ee900000)
  from space 2560K, 98% used [0x00000000eeb80000,0x00000000eedf8020,0x00000000eee00000)
  to   space 2560K, 0% used [0x00000000ee900000,0x00000000ee900000,0x00000000eeb80000)
 ParOldGen       total 42496K, used 7625K [0x00000000c0000000, 0x00000000c2980000, 0x00000000eab00000)
  object space 42496K, 17% used [0x00000000c0000000,0x00000000c0772500,0x00000000c2980000)
 Metaspace       used 14953K, capacity 15322K, committed 15616K, reserved 1062912K
  class space    used 2149K, capacity 2249K, committed 2304K, reserved 1048576K
}
Event: 26,760 GC heap before
{Heap before GC invocations=5 (full 0):
 PSYoungGen      total 66048K, used 40930K [0x00000000eab00000, 0x00000000eee00000, 0x0000000100000000)
  eden space 63488K, 60% used [0x00000000eab00000,0x00000000ed0808e0,0x00000000ee900000)
  from space 2560K, 98% used [0x00000000eeb80000,0x00000000eedf8020,0x00000000eee00000)
  to   space 2560K, 0% used [0x00000000ee900000,0x00000000ee900000,0x00000000eeb80000)
 ParOldGen       total 42496K, used 7625K [0x00000000c0000000, 0x00000000c2980000, 0x00000000eab00000)
  object space 42496K, 17% used [0x00000000c0000000,0x00000000c0772500,0x00000000c2980000)
 Metaspace       used 20909K, capacity 21216K, committed 21296K, reserved 1067008K
  class space    used 2968K, capacity 3082K, committed 3120K, reserved 1048576K
Event: 26,780 GC heap after
Heap after GC invocations=5 (full 0):
 PSYoungGen      total 66048K, used 2528K [0x00000000eab00000, 0x00000000f3a00000, 0x0000000100000000)
  eden space 63488K, 0% used [0x00000000eab00000,0x00000000eab00000,0x00000000ee900000)
  from space 2560K, 98% used [0x00000000ee900000,0x00000000eeb78010,0x00000000eeb80000)
  to   space 9728K, 0% used [0x00000000f3080000,0x00000000f3080000,0x00000000f3a00000)
 ParOldGen       total 42496K, used 13363K [0x00000000c0000000, 0x00000000c2980000, 0x00000000eab00000)
  object space 42496K, 31% used [0x00000000c0000000,0x00000000c0d0ce70,0x00000000c2980000)
 Metaspace       used 20909K, capacity 21216K, committed 21296K, reserved 1067008K
  class space    used 2968K, capacity 3082K, committed 3120K, reserved 1048576K
}
Event: 26,780 GC heap before
{Heap before GC invocations=6 (full 1):
 PSYoungGen      total 66048K, used 2528K [0x00000000eab00000, 0x00000000f3a00000, 0x0000000100000000)
  eden space 63488K, 0% used [0x00000000eab00000,0x00000000eab00000,0x00000000ee900000)
  from space 2560K, 98% used [0x00000000ee900000,0x00000000eeb78010,0x00000000eeb80000)
  to   space 9728K, 0% used [0x00000000f3080000,0x00000000f3080000,0x00000000f3a00000)
 ParOldGen       total 42496K, used 13363K [0x00000000c0000000, 0x00000000c2980000, 0x00000000eab00000)
  object space 42496K, 31% used [0x00000000c0000000,0x00000000c0d0ce70,0x00000000c2980000)
 Metaspace       used 20909K, capacity 21216K, committed 21296K, reserved 1067008K
  class space    used 2968K, capacity 3082K, committed 3120K, reserved 1048576K
Event: 26,840 GC heap after
Heap after GC invocations=6 (full 1):
 PSYoungGen      total 66048K, used 0K [0x00000000eab00000, 0x00000000f3a00000, 0x0000000100000000)
  eden space 63488K, 0% used [0x00000000eab00000,0x00000000eab00000,0x00000000ee900000)
  from space 2560K, 0% used [0x00000000ee900000,0x00000000ee900000,0x00000000eeb80000)
  to   space 9728K, 0% used [0x00000000f3080000,0x00000000f3080000,0x00000000f3a00000)
 ParOldGen       total 34816K, used 9624K [0x00000000c0000000, 0x00000000c2200000, 0x00000000eab00000)
  object space 34816K, 27% used [0x00000000c0000000,0x00000000c0966390,0x00000000c2200000)
 Metaspace       used 20909K, capacity 21216K, committed 21296K, reserved 1067008K
  class space    used 2968K, capacity 3082K, committed 3120K, reserved 1048576K
}
Event: 44,167 GC heap before
{Heap before GC invocations=7 (full 1):
 PSYoungGen      total 66048K, used 63488K [0x00000000eab00000, 0x00000000f3a00000, 0x0000000100000000)
  eden space 63488K, 100% used [0x00000000eab00000,0x00000000ee900000,0x00000000ee900000)
  from space 2560K, 0% used [0x00000000ee900000,0x00000000ee900000,0x00000000eeb80000)
  to   space 9728K, 0% used [0x00000000f3080000,0x00000000f3080000,0x00000000f3a00000)
 ParOldGen       total 34816K, used 9624K [0x00000000c0000000, 0x00000000c2200000, 0x00000000eab00000)
  object space 34816K, 27% used [0x00000000c0000000,0x00000000c0966390,0x00000000c2200000)
 Metaspace       used 27157K, capacity 27556K, committed 27696K, reserved 1073152K
  class space    used 3726K, capacity 3846K, committed 3888K, reserved 1048576K
Event: 45,411 GC heap after
Heap after GC invocations=7 (full 1):
 PSYoungGen      total 131072K, used 7689K [0x00000000eab00000, 0x00000000f3880000, 0x0000000100000000)
  eden space 122880K, 0% used [0x00000000eab00000,0x00000000eab00000,0x00000000f2300000)
  from space 8192K, 93% used [0x00000000f3080000,0x00000000f38026c8,0x00000000f3880000)
  to   space 10752K, 0% used [0x00000000f2380000,0x00000000f2380000,0x00000000f2e00000)
 ParOldGen       total 34816K, used 9632K [0x00000000c0000000, 0x00000000c2200000, 0x00000000eab00000)
  object space 34816K, 27% used [0x00000000c0000000,0x00000000c0968390,0x00000000c2200000)
 Metaspace       used 27157K, capacity 27556K, committed 27696K, reserved 1073152K
  class space    used 3726K, capacity 3846K, committed 3888K, reserved 1048576K
}
Event: 93,589 GC heap before
{Heap before GC invocations=8 (full 1):
 PSYoungGen      total 131072K, used 130569K [0x00000000eab00000, 0x00000000f3880000, 0x0000000100000000)
  eden space 122880K, 100% used [0x00000000eab00000,0x00000000f2300000,0x00000000f2300000)
  from space 8192K, 93% used [0x00000000f3080000,0x00000000f38026c8,0x00000000f3880000)
  to   space 10752K, 0% used [0x00000000f2380000,0x00000000f2380000,0x00000000f2e00000)
 ParOldGen       total 34816K, used 9632K [0x00000000c0000000, 0x00000000c2200000, 0x00000000eab00000)
  object space 34816K, 27% used [0x00000000c0000000,0x00000000c0968390,0x00000000c2200000)
 Metaspace       used 34424K, capacity 35058K, committed 35376K, reserved 1079296K
  class space    used 4890K, capacity 5051K, committed 5168K, reserved 1048576K

Deoptimization events (10 events):
Event: 82,398 Thread 0x00007faab0007000 Uncommon trap: reason=speculate_class_check action=maybe_recompile pc=0x00007faaf994b178 method=com.google.common.base.Equivalence.hash(Ljava/lang/Object;)I @ 8
Event: 82,400 Thread 0x00007faab0007000 Uncommon trap: reason=class_check action=maybe_recompile pc=0x00007faaf995165c method=com.google.common.collect.AbstractMapBasedMultimap$WrappedCollection$WrappedIterator.hasNext()Z @ 8
Event: 82,400 Thread 0x00007faab0007000 Uncommon trap: reason=class_check action=maybe_recompile pc=0x00007faaf995165c method=com.google.common.collect.AbstractMapBasedMultimap$WrappedCollection$WrappedIterator.hasNext()Z @ 8
Event: 82,400 Thread 0x00007faab0007000 Uncommon trap: reason=class_check action=maybe_recompile pc=0x00007faaf995165c method=com.google.common.collect.AbstractMapBasedMultimap$WrappedCollection$WrappedIterator.hasNext()Z @ 8
Event: 82,400 Thread 0x00007faab0007000 Uncommon trap: reason=class_check action=maybe_recompile pc=0x00007faaf995165c method=com.google.common.collect.AbstractMapBasedMultimap$WrappedCollection$WrappedIterator.hasNext()Z @ 8
Event: 88,161 Thread 0x00007faab0007000 Uncommon trap: reason=unstable_if action=reinterpret pc=0x00007faaf9188cd4 method=org.objectweb.asm.Type.getArgumentsAndReturnSizes(Ljava/lang/String;)I @ 47
Event: 92,160 Thread 0x00007faab0007000 Uncommon trap: reason=bimorphic action=maybe_recompile pc=0x00007faaf99f3dc8 method=java.lang.ClassLoader.getPackage(Ljava/lang/String;)Ljava/lang/Package; @ 47
Event: 92,164 Thread 0x00007faab0007000 Uncommon trap: reason=bimorphic action=maybe_recompile pc=0x00007faaf99f3dc8 method=java.lang.ClassLoader.getPackage(Ljava/lang/String;)Ljava/lang/Package; @ 47
Event: 92,167 Thread 0x00007faab0007000 Uncommon trap: reason=bimorphic action=maybe_recompile pc=0x00007faaf99f3dc8 method=java.lang.ClassLoader.getPackage(Ljava/lang/String;)Ljava/lang/Package; @ 47
Event: 92,175 Thread 0x00007faab0007000 Uncommon trap: reason=bimorphic action=maybe_recompile pc=0x00007faaf99f3dc8 method=java.lang.ClassLoader.getPackage(Ljava/lang/String;)Ljava/lang/Package; @ 47

Internal exceptions (10 events):
Event: 70,830 Thread 0x00007faab0007000 Exception <a 'java/lang/ClassNotFoundException': build_18p1zf01jytsgqz61zqr7fg6Customizer> (0x00000000ed443e60) thrown at [/HUDSON3/workspace/8-2-build-linux-amd64/jdk8u144/9417/hotspot/src/share/vm/classfile/systemDictionary.cpp, line 210]
Event: 70,837 Thread 0x00007faab0007000 Exception <a 'java/lang/ClassNotFoundException': org/gradle/api/internal/plugins/DefaultObjectConfigurationActionBeanInfo> (0x00000000ed496e20) thrown at [/HUDSON3/workspace/8-2-build-linux-amd64/jdk8u144/9417/hotspot/src/share/vm/classfile/systemDictiona
Event: 70,838 Thread 0x00007faab0007000 Exception <a 'java/lang/ClassNotFoundException': org/gradle/api/internal/plugins/DefaultObjectConfigurationActionCustomizer> (0x00000000ed4c0580) thrown at [/HUDSON3/workspace/8-2-build-linux-amd64/jdk8u144/9417/hotspot/src/share/vm/classfile/systemDictio
Event: 73,836 Thread 0x00007faab0007000 Exception <a 'java/io/IOException'> (0x00000000ed716648) thrown at [/HUDSON3/workspace/8-2-build-linux-amd64/jdk8u144/9417/hotspot/src/share/vm/prims/jni.cpp, line 709]
Event: 73,842 Thread 0x00007faa9c84a000 Exception <a 'java/io/IOException'> (0x00000000ed783610) thrown at [/HUDSON3/workspace/8-2-build-linux-amd64/jdk8u144/9417/hotspot/src/share/vm/prims/jni.cpp, line 709]
Event: 78,841 Thread 0x00007faa9c84a000 Exception <a 'java/io/IOException'> (0x00000000ed790328) thrown at [/HUDSON3/workspace/8-2-build-linux-amd64/jdk8u144/9417/hotspot/src/share/vm/prims/jni.cpp, line 709]
Event: 83,841 Thread 0x00007faa9c84a000 Exception <a 'java/io/IOException'> (0x00000000ed7b1900) thrown at [/HUDSON3/workspace/8-2-build-linux-amd64/jdk8u144/9417/hotspot/src/share/vm/prims/jni.cpp, line 709]
Event: 88,841 Thread 0x00007faa9c84a000 Exception <a 'java/io/IOException'> (0x00000000ed7b9f10) thrown at [/HUDSON3/workspace/8-2-build-linux-amd64/jdk8u144/9417/hotspot/src/share/vm/prims/jni.cpp, line 709]
Event: 93,488 Thread 0x00007faab0007000 Exception <a 'java/lang/ClassNotFoundException': io/spring/gradle/dependencymanagement/internal/dsl/StandardDependencyManagementExtensionBeanInfo> (0x00000000f2258cf0) thrown at [/HUDSON3/workspace/8-2-build-linux-amd64/jdk8u144/9417/hotspot/src/share/vm/
Event: 93,489 Thread 0x00007faab0007000 Exception <a 'java/lang/ClassNotFoundException': io/spring/gradle/dependencymanagement/internal/dsl/StandardDependencyManagementExtensionCustomizer> (0x00000000f225fcf8) thrown at [/HUDSON3/workspace/8-2-build-linux-amd64/jdk8u144/9417/hotspot/src/share/v

Events (10 events):
Event: 93,494 loading class io/spring/gradle/dependencymanagement/internal/report/DependencyManagementReportRenderer done
Event: 93,495 loading class org/gradle/api/tasks/TaskAction
Event: 93,495 loading class org/gradle/api/tasks/TaskAction done
Event: 93,499 loading class io/spring/gradle/dependencymanagement/internal/ImplicitDependencyManagementCollector$1
Event: 93,499 loading class io/spring/gradle/dependencymanagement/internal/ImplicitDependencyManagementCollector$1 done
Event: 93,519 loading class org/slf4j/Logger
Event: 93,519 loading class org/slf4j/Logger done
Event: 93,519 loading class io/spring/gradle/dependencymanagement/internal/VersionConfiguringAction
Event: 93,519 loading class io/spring/gradle/dependencymanagement/internal/VersionConfiguringAction done
Event: 93,563 Executing VM operation: ParallelGCFailedAllocation


Dynamic libraries:
00400000-00401000 r-xp 00000000 08:07 281926                             /usr/lib/jvm/java-8-oracle/bin/java
00600000-00601000 rw-p 00000000 08:07 281926                             /usr/lib/jvm/java-8-oracle/bin/java
00ccc000-00ced000 rw-p 00000000 00:00 0                                  [heap]
c0000000-c2200000 rw-p 00000000 00:00 0 
c2200000-eab00000 ---p 00000000 00:00 0 
eab00000-f3880000 rw-p 00000000 00:00 0 
fac00000-100000000 ---p 00000000 00:00 0 
100000000-10050c000 rw-p 00000000 00:00 0 
10050c000-140000000 ---p 00000000 00:00 0 
7faa84000000-7faa84021000 rw-p 00000000 00:00 0 
7faa84021000-7faa88000000 ---p 00000000 00:00 0 
7faa88000000-7faa88021000 rw-p 00000000 00:00 0 
7faa88021000-7faa8c000000 ---p 00000000 00:00 0 
7faa8c000000-7faa8c021000 rw-p 00000000 00:00 0 
7faa8c021000-7faa90000000 ---p 00000000 00:00 0 
7faa90000000-7faa90021000 rw-p 00000000 00:00 0 
7faa90021000-7faa94000000 ---p 00000000 00:00 0 
7faa94000000-7faa94021000 rw-p 00000000 00:00 0 
7faa94021000-7faa98000000 ---p 00000000 00:00 0 
7faa98000000-7faa98024000 rw-p 00000000 00:00 0 
7faa98024000-7faa9c000000 ---p 00000000 00:00 0 
7faa9c000000-7faa9c975000 rw-p 00000000 00:00 0 
7faa9c975000-7faaa0000000 ---p 00000000 00:00 0 
7faaa0000000-7faaa0021000 rw-p 00000000 00:00 0 
7faaa0021000-7faaa4000000 ---p 00000000 00:00 0 
7faaa4000000-7faaa4021000 rw-p 00000000 00:00 0 
7faaa4021000-7faaa8000000 ---p 00000000 00:00 0 
7faaa8000000-7faaa8021000 rw-p 00000000 00:00 0 
7faaa8021000-7faaac000000 ---p 00000000 00:00 0 
7faaac000000-7faaac291000 rw-p 00000000 00:00 0 
7faaac291000-7faab0000000 ---p 00000000 00:00 0 
7faab0000000-7faab0021000 rw-p 00000000 00:00 0 
7faab0021000-7faab4000000 ---p 00000000 00:00 0 
7faab4000000-7faab4021000 rw-p 00000000 00:00 0 
7faab4021000-7faab8000000 ---p 00000000 00:00 0 
7faab8000000-7faab8067000 rw-p 00000000 00:00 0 
7faab8067000-7faabc000000 ---p 00000000 00:00 0 
7faabc000000-7faabc021000 rw-p 00000000 00:00 0 
7faabc021000-7faac0000000 ---p 00000000 00:00 0 
7faac0000000-7faac0021000 rw-p 00000000 00:00 0 
7faac0021000-7faac4000000 ---p 00000000 00:00 0 
7faac4000000-7faac63ee000 rw-p 00000000 00:00 0 
7faac63ee000-7faac8000000 ---p 00000000 00:00 0 
7faac8000000-7faac873d000 rw-p 00000000 00:00 0 
7faac873d000-7faacc000000 ---p 00000000 00:00 0 
7faacc000000-7faacc021000 rw-p 00000000 00:00 0 
7faacc021000-7faad0000000 ---p 00000000 00:00 0 
7faad0000000-7faad2690000 rw-p 00000000 00:00 0 
7faad2690000-7faad4000000 ---p 00000000 00:00 0 
7faad4000000-7faad4021000 rw-p 00000000 00:00 0 
7faad4021000-7faad8000000 ---p 00000000 00:00 0 
7faad8000000-7faad8021000 rw-p 00000000 00:00 0 
7faad8021000-7faadc000000 ---p 00000000 00:00 0 
7faadc000000-7faadc021000 rw-p 00000000 00:00 0 
7faadc021000-7faae0000000 ---p 00000000 00:00 0 
7faae0000000-7faae0296000 rw-p 00000000 00:00 0 
7faae0296000-7faae4000000 ---p 00000000 00:00 0 
7faae4000000-7faae402f000 rw-p 00000000 00:00 0 
7faae402f000-7faae8000000 ---p 00000000 00:00 0 
7faae950d000-7faae968e000 rw-p 00000000 00:00 0 
7faae968e000-7faae970e000 ---p 00000000 00:00 0 
7faae970e000-7faae9711000 ---p 00000000 00:00 0 
7faae9711000-7faae980f000 rw-p 00000000 00:00 0                          [stack:18890]
7faae980f000-7faae9812000 ---p 00000000 00:00 0 
7faae9812000-7faae9910000 rw-p 00000000 00:00 0                          [stack:18889]
7faae9910000-7faae9935000 r--p 00000000 08:07 797014                     /usr/share/locale-langpack/pl/LC_MESSAGES/libc.mo
7faae9935000-7faae9b35000 rw-p 00000000 00:00 0 
7faae9b35000-7faae9b36000 r--s 00003000 08:08 18744755                   /home/iliak/.gradle/caches/modules-2/files-2.1/org.springframework/spring-jcl/5.0.0.RC3/c53c3be2136bc4258b1b72dc45271b9ebd050198/spring-jcl-5.0.0.RC3.jar
7faae9b36000-7faae9b4e000 r--s 0010d000 08:08 18744753                   /home/iliak/.gradle/caches/modules-2/files-2.1/org.springframework/spring-core/5.0.0.RC3/592266b28ff736d5bc983c3b24e9f888d06833d7/spring-core-5.0.0.RC3.jar
7faae9b4e000-7faae9b58000 r--s 00078000 08:08 18744751                   /home/iliak/.gradle/caches/modules-2/files-2.1/org.apache.commons/commons-compress/1.14/7b18320d668ab080758bf5383d6d8fcf750babce/commons-compress-1.14.jar
7faae9b58000-7faae9b67000 r--s 0009e000 08:08 16385395                   /home/iliak/.gradle/caches/modules-2/files-2.1/io.spring.gradle/dependency-management-plugin/1.0.3.RELEASE/c7fc988680e19cef9bf91de0c39b891e4c8dca2d/dependency-management-plugin-1.0.3.RELEASE.jar
7faae9b67000-7faae9b69000 r--s 00021000 08:08 18744749                   /home/iliak/.gradle/caches/modules-2/files-2.1/org.springframework.boot/spring-boot-loader-tools/2.0.0.M3/cea14e6b1296b5b03ae5967c6eaedc911ef0e48b/spring-boot-loader-tools-2.0.0.M3.jar
7faae9b69000-7faae9b6b000 r--s 0000c000 08:08 18744747                   /home/iliak/.gradle/caches/modules-2/files-2.1/org.springframework.boot/spring-boot-gradle-plugin/2.0.0.M3/f4767665a3d2a6f1ca86d6bd5444f9c6de2194e6/spring-boot-gradle-plugin-2.0.0.M3.jar
7faae9b6b000-7faae9d6b000 rw-p 00000000 00:00 0 
7faae9d6b000-7faae9d6e000 ---p 00000000 00:00 0 
7faae9d6e000-7faaea06c000 rw-p 00000000 00:00 0                          [stack:18887]
7faaea06c000-7faaea26c000 rw-p 00000000 00:00 0 
7faaea26c000-7faaea46c000 rw-p 00000000 00:00 0 
7faaea46c000-7faaea66c000 rw-p 00000000 00:00 0 
7faaea66c000-7faaea86c000 rw-p 00000000 00:00 0 
7faaea86c000-7faaea8e6000 r--s 010f7000 08:07 296412                     /usr/lib/jvm/java-8-oracle/lib/tools.jar
7faaea8e6000-7faaeaae6000 rw-p 00000000 00:00 0 
7faaeaae6000-7faaeaae9000 ---p 00000000 00:00 0 
7faaeaae9000-7faaeabe7000 rw-p 00000000 00:00 0                          [stack:18883]
7faaeabe7000-7faaeabea000 ---p 00000000 00:00 0 
7faaeabea000-7faaeaee8000 rw-p 00000000 00:00 0                          [stack:18882]
7faaeaee8000-7faaeaeeb000 ---p 00000000 00:00 0 
7faaeaeeb000-7faaeafe9000 rw-p 00000000 00:00 0                          [stack:18881]
7faaeafe9000-7faaeafec000 ---p 00000000 00:00 0 
7faaeafec000-7faaeb0ea000 rw-p 00000000 00:00 0                          [stack:18880]
7faaeb0ea000-7faaeb0ed000 ---p 00000000 00:00 0 
7faaeb0ed000-7faaeb1eb000 rw-p 00000000 00:00 0                          [stack:18877]
7faaeb1eb000-7faaeb1ee000 ---p 00000000 00:00 0 
7faaeb1ee000-7faaeb2ec000 rw-p 00000000 00:00 0                          [stack:18876]
7faaeb2ec000-7faaeb2ef000 ---p 00000000 00:00 0 
7faaeb2ef000-7faaeb3ed000 rw-p 00000000 00:00 0                          [stack:18875]
7faaeb3ed000-7faaeb3f0000 ---p 00000000 00:00 0 
7faaeb3f0000-7faaeb4ee000 rw-p 00000000 00:00 0                          [stack:18874]
7faaeb4ee000-7faaeb4f1000 ---p 00000000 00:00 0 
7faaeb4f1000-7faaeb5ef000 rw-p 00000000 00:00 0                          [stack:18873]
7faaeb5ef000-7faaeb5f6000 r--s 00000000 08:07 819707                     /usr/lib/x86_64-linux-gnu/gconv/gconv-modules.cache
7faaeb5f6000-7faaeb5f9000 ---p 00000000 00:00 0 
7faaeb5f9000-7faaeb8f7000 rw-p 00000000 00:00 0                          [stack:18872]
7faaeb8f7000-7faaeb8fa000 ---p 00000000 00:00 0 
7faaeb8fa000-7faaeb9f8000 rw-p 00000000 00:00 0                          [stack:18871]
7faaeb9f8000-7faaeba01000 r-xp 00000000 08:07 295982                     /usr/lib/jvm/java-8-oracle/jre/lib/amd64/libmanagement.so
7faaeba01000-7faaebc00000 ---p 00009000 08:07 295982                     /usr/lib/jvm/java-8-oracle/jre/lib/amd64/libmanagement.so
7faaebc00000-7faaebc01000 rw-p 00008000 08:07 295982                     /usr/lib/jvm/java-8-oracle/jre/lib/amd64/libmanagement.so
7faaebc01000-7faaebc06000 r--s 0009a000 08:07 296149                     /usr/lib/jvm/java-8-oracle/jre/lib/jsse.jar
7faaebc06000-7faaebc07000 r--s 00008000 08:08 17957233                   /home/iliak/.gradle/wrapper/dists/gradle-3.5.1-all/42vjebfdws9pjts3l4bouoq0p/gradle-3.5.1/lib/plugins/gradle-tooling-api-builders-3.5.1.jar
7faaebc07000-7faaebc0a000 r--s 00009000 08:08 17957226                   /home/iliak/.gradle/wrapper/dists/gradle-3.5.1-all/42vjebfdws9pjts3l4bouoq0p/gradle-3.5.1/lib/plugins/gradle-testing-native-3.5.1.jar
7faaebc0a000-7faaebc10000 r--s 00033000 08:08 17957303                   /home/iliak/.gradle/wrapper/dists/gradle-3.5.1-all/42vjebfdws9pjts3l4bouoq0p/gradle-3.5.1/lib/plugins/snakeyaml-1.6.jar
7faaebc10000-7faaebc12000 r--s 00006000 08:08 17957302                   /home/iliak/.gradle/wrapper/dists/gradle-3.5.1-all/42vjebfdws9pjts3l4bouoq0p/gradle-3.5.1/lib/plugins/jcommander-1.12.jar
7faaebc12000-7faaebc17000 r--s 00040000 08:08 17957301                   /home/iliak/.gradle/wrapper/dists/gradle-3.5.1-all/42vjebfdws9pjts3l4bouoq0p/gradle-3.5.1/lib/plugins/bsh-2.0b4.jar
7faaebc17000-7faaebc19000 r--s 00009000 08:08 17957307                   /home/iliak/.gradle/wrapper/dists/gradle-3.5.1-all/42vjebfdws9pjts3l4bouoq0p/gradle-3.5.1/lib/plugins/hamcrest-core-1.3.jar
7faaebc19000-7faaebc22000 r--s 00089000 08:08 17957258                   /home/iliak/.gradle/wrapper/dists/gradle-3.5.1-all/42vjebfdws9pjts3l4bouoq0p/gradle-3.5.1/lib/plugins/testng-6.3.1.jar
7faaebc22000-7faaebc2a000 r--s 00045000 08:08 17957257                   /home/iliak/.gradle/wrapper/dists/gradle-3.5.1-all/42vjebfdws9pjts3l4bouoq0p/gradle-3.5.1/lib/plugins/junit-4.12.jar
7faaebc2a000-7faaebc30000 r--s 0002e000 08:08 17957227                   /home/iliak/.gradle/wrapper/dists/gradle-3.5.1-all/42vjebfdws9pjts3l4bouoq0p/gradle-3.5.1/lib/plugins/gradle-testing-jvm-3.5.1.jar
7faaebc30000-7faaebc34000 r--s 00016000 08:08 17957225                   /home/iliak/.gradle/wrapper/dists/gradle-3.5.1-all/42vjebfdws9pjts3l4bouoq0p/gradle-3.5.1/lib/plugins/gradle-testing-base-3.5.1.jar
7faaebc34000-7faaebc3b000 r--s 00038000 08:08 17957252                   /home/iliak/.gradle/wrapper/dists/gradle-3.5.1-all/42vjebfdws9pjts3l4bouoq0p/gradle-3.5.1/lib/plugins/bcpg-jdk15on-1.51.jar
7faaebc3b000-7faaebc3d000 r--s 0000c000 08:08 17957204                   /home/iliak/.gradle/wrapper/dists/gradle-3.5.1-all/42vjebfdws9pjts3l4bouoq0p/gradle-3.5.1/lib/plugins/gradle-signing-3.5.1.jar
7faaebc3d000-7faaebc3f000 r--s 00007000 08:08 17957203                   /home/iliak/.gradle/wrapper/dists/gradle-3.5.1-all/42vjebfdws9pjts3l4bouoq0p/gradle-3.5.1/lib/plugins/gradle-scala-3.5.1.jar
7faaebc3f000-7faaebc40000 r--s 00004000 08:08 17957231                   /home/iliak/.gradle/wrapper/dists/gradle-3.5.1-all/42vjebfdws9pjts3l4bouoq0p/gradle-3.5.1/lib/plugins/gradle-resources-sftp-3.5.1.jar
7faaebc40000-7faaebc50000 r--s 00088000 08:08 17957270                   /home/iliak/.gradle/wrapper/dists/gradle-3.5.1-all/42vjebfdws9pjts3l4bouoq0p/gradle-3.5.1/lib/plugins/joda-time-2.8.2.jar
7faaebc50000-7faaebc61000 r--s 0010d000 08:08 17957269                   /home/iliak/.gradle/wrapper/dists/gradle-3.5.1-all/42vjebfdws9pjts3l4bouoq0p/gradle-3.5.1/lib/plugins/jackson-databind-2.6.6.jar
7faaebc61000-7faaebc64000 r--s 00009000 08:08 17957268                   /home/iliak/.gradle/wrapper/dists/gradle-3.5.1-all/42vjebfdws9pjts3l4bouoq0p/gradle-3.5.1/lib/plugins/jackson-annotations-2.6.6.jar
7faaebc64000-7faaebc68000 r--s 0003c000 08:08 17957267                   /home/iliak/.gradle/wrapper/dists/gradle-3.5.1-all/42vjebfdws9pjts3l4bouoq0p/gradle-3.5.1/lib/plugins/jackson-core-2.6.6.jar
7faaebc68000-7faaebc76000 r--s 00087000 08:08 17957266                   /home/iliak/.gradle/wrapper/dists/gradle-3.5.1-all/42vjebfdws9pjts3l4bouoq0p/gradle-3.5.1/lib/plugins/aws-java-sdk-core-1.11.6.jar
7faaebc76000-7faaebc7d000 r--s 00057000 08:08 17957265                   /home/iliak/.gradle/wrapper/dists/gradle-3.5.1-all/42vjebfdws9pjts3l4bouoq0p/gradle-3.5.1/lib/plugins/aws-java-sdk-kms-1.11.6.jar
7faaebc7d000-7faaebc8a000 r--s 0008e000 08:08 17957264                   /home/iliak/.gradle/wrapper/dists/gradle-3.5.1-all/42vjebfdws9pjts3l4bouoq0p/gradle-3.5.1/lib/plugins/aws-java-sdk-s3-1.11.6.jar
7faaebc8a000-7faaebc8c000 r--s 00004000 08:08 17957232                   /home/iliak/.gradle/wrapper/dists/gradle-3.5.1-all/42vjebfdws9pjts3l4bouoq0p/gradle-3.5.1/lib/plugins/gradle-resources-s3-3.5.1.jar
7faaebc8c000-7faaebc8e000 r--s 0000f000 08:08 17957209                   /home/iliak/.gradle/wrapper/dists/gradle-3.5.1-all/42vjebfdws9pjts3l4bouoq0p/gradle-3.5.1/lib/plugins/gradle-reporting-3.5.1.jar
7faaebc8e000-7faaebc90000 r--s 00002000 08:08 17957210                   /home/iliak/.gradle/wrapper/dists/gradle-3.5.1-all/42vjebfdws9pjts3l4bouoq0p/gradle-3.5.1/lib/plugins/gradle-publish-3.5.1.jar
7faaebc90000-7faaebc92000 r--s 00009000 08:08 17957239                   /home/iliak/.gradle/wrapper/dists/gradle-3.5.1-all/42vjebfdws9pjts3l4bouoq0p/gradle-3.5.1/lib/plugins/commons-cli-1.2.jar
7faaebc92000-7faaebc98000 r--s 00035000 08:08 17957195                   /home/iliak/.gradle/wrapper/dists/gradle-3.5.1-all/42vjebfdws9pjts3l4bouoq0p/gradle-3.5.1/lib/plugins/gradle-plugins-3.5.1.jar
7faaebc98000-7faaebc9a000 r--s 00009000 08:08 17957228                   /home/iliak/.gradle/wrapper/dists/gradle-3.5.1-all/42vjebfdws9pjts3l4bouoq0p/gradle-3.5.1/lib/plugins/gradle-plugin-development-3.5.1.jar
7faaebc9a000-7faaebca0000 r--s 0002b000 08:08 17957221                   /home/iliak/.gradle/wrapper/dists/gradle-3.5.1-all/42vjebfdws9pjts3l4bouoq0p/gradle-3.5.1/lib/plugins/gradle-platform-play-3.5.1.jar
7faaebca0000-7faaebcae000 r--s 00056000 08:08 17957220                   /home/iliak/.gradle/wrapper/dists/gradle-3.5.1-all/42vjebfdws9pjts3l4bouoq0p/gradle-3.5.1/lib/plugins/gradle-platform-native-3.5.1.jar
7faaebcae000-7faaebcb2000 r--s 0001b000 08:08 17957215                   /home/iliak/.gradle/wrapper/dists/gradle-3.5.1-all/42vjebfdws9pjts3l4bouoq0p/gradle-3.5.1/lib/plugins/gradle-platform-jvm-3.5.1.jar
7faaebcb2000-7faaebcb9000 r--s 00027000 08:08 17957214                   /home/iliak/.gradle/wrapper/dists/gradle-3.5.1-all/42vjebfdws9pjts3l4bouoq0p/gradle-3.5.1/lib/plugins/gradle-platform-base-3.5.1.jar
7faaebcb9000-7faaebce1000 r--s 0021c000 08:08 17957247                   /home/iliak/.gradle/wrapper/dists/gradle-3.5.1-all/42vjebfdws9pjts3l4bouoq0p/gradle-3.5.1/lib/plugins/biz.aQute.bndlib-3.2.0.jar
7faaebce1000-7faaebce3000 r--s 00003000 08:08 17957199                   /home/iliak/.gradle/wrapper/dists/gradle-3.5.1-all/42vjebfdws9pjts3l4bouoq0p/gradle-3.5.1/lib/plugins/gradle-osgi-3.5.1.jar
7faaebce3000-7faaebce6000 r--s 0000c000 08:08 17957250                   /home/iliak/.gradle/wrapper/dists/gradle-3.5.1-all/42vjebfdws9pjts3l4bouoq0p/gradle-3.5.1/lib/plugins/pmaven-groovy-0.8-20100325.jar
7faaebce6000-7faaebce7000 r--s 00004000 08:08 17957249                   /home/iliak/.gradle/wrapper/dists/gradle-3.5.1-all/42vjebfdws9pjts3l4bouoq0p/gradle-3.5.1/lib/plugins/pmaven-common-0.8-20100325.jar
7faaebce7000-7faaebced000 r--s 00023000 08:08 17957200                   /home/iliak/.gradle/wrapper/dists/gradle-3.5.1-all/42vjebfdws9pjts3l4bouoq0p/gradle-3.5.1/lib/plugins/gradle-maven-3.5.1.jar
7faaebced000-7faaebcf0000 r--s 0000b000 08:08 17957219                   /home/iliak/.gradle/wrapper/dists/gradle-3.5.1-all/42vjebfdws9pjts3l4bouoq0p/gradle-3.5.1/lib/plugins/gradle-language-scala-3.5.1.jar
7faaebcf0000-7faaebcf6000 r--s 0001a000 08:08 17957223                   /home/iliak/.gradle/wrapper/dists/gradle-3.5.1-all/42vjebfdws9pjts3l4bouoq0p/gradle-3.5.1/lib/plugins/gradle-language-native-3.5.1.jar
7faaebcf6000-7faaebcf8000 r--s 00006000 08:08 17957216                   /home/iliak/.gradle/wrapper/dists/gradle-3.5.1-all/42vjebfdws9pjts3l4bouoq0p/gradle-3.5.1/lib/plugins/gradle-language-jvm-3.5.1.jar
7faaebcf8000-7faaebcff000 r--s 0002f000 08:08 17957217                   /home/iliak/.gradle/wrapper/dists/gradle-3.5.1-all/42vjebfdws9pjts3l4bouoq0p/gradle-3.5.1/lib/plugins/gradle-language-java-3.5.1.jar
7faaebcff000-7faaebd01000 r--s 0000a000 08:08 17957218                   /home/iliak/.gradle/wrapper/dists/gradle-3.5.1-all/42vjebfdws9pjts3l4bouoq0p/gradle-3.5.1/lib/plugins/gradle-language-groovy-3.5.1.jar
7faaebd01000-7faaebd04000 r--s 0001e000 08:08 17957276                   /home/iliak/.gradle/wrapper/dists/gradle-3.5.1-all/42vjebfdws9pjts3l4bouoq0p/gradle-3.5.1/lib/plugins/jsp-api-2.1-6.1.14.jar
7faaebd04000-7faaebd27000 r--s 00344000 08:08 17957275                   /home/iliak/.gradle/wrapper/dists/gradle-3.5.1-all/42vjebfdws9pjts3l4bouoq0p/gradle-3.5.1/lib/plugins/core-3.1.1.jar
7faaebd27000-7faaebd28000 r--s 00006000 08:08 17957274                   /home/iliak/.gradle/wrapper/dists/gradle-3.5.1-all/42vjebfdws9pjts3l4bouoq0p/gradle-3.5.1/lib/plugins/jetty-naming-6.1.26.jar
7faaebd28000-7faaebd29000 r--s 00002000 08:08 17957246                   /home/iliak/.gradle/wrapper/dists/gradle-3.5.1-all/42vjebfdws9pjts3l4bouoq0p/gradle-3.5.1/lib/plugins/geronimo-annotation_1.0_spec-1.0.jar
7faaebd29000-7faaebd2b000 r--s 00002000 08:08 17957245                   /home/iliak/.gradle/wrapper/dists/gradle-3.5.1-all/42vjebfdws9pjts3l4bouoq0p/gradle-3.5.1/lib/plugins/jetty-annotations-6.1.26.jar
7faaebd2b000-7faaebd3c000 r--s 000ea000 08:08 17957244                   /home/iliak/.gradle/wrapper/dists/gradle-3.5.1-all/42vjebfdws9pjts3l4bouoq0p/gradle-3.5.1/lib/plugins/jsp-2.1-6.1.14.jar
7faaebd3c000-7faaebd3e000 r--s 0000d000 08:08 17957243                   /home/iliak/.gradle/wrapper/dists/gradle-3.5.1-all/42vjebfdws9pjts3l4bouoq0p/gradle-3.5.1/lib/plugins/jetty-plus-6.1.26.jar
7faaebd3e000-7faaebd40000 r--s 0001f000 08:08 17957242                   /home/iliak/.gradle/wrapper/dists/gradle-3.5.1-all/42vjebfdws9pjts3l4bouoq0p/gradle-3.5.1/lib/plugins/servlet-api-2.5-20081211.jar
7faaebd40000-7faaebd44000 r--s 00028000 08:08 17957241                   /home/iliak/.gradle/wrapper/dists/gradle-3.5.1-all/42vjebfdws9pjts3l4bouoq0p/gradle-3.5.1/lib/plugins/jetty-util-6.1.26.jar
7faaebd44000-7faaebd4b000 r--s 0007d000 08:08 17957240                   /home/iliak/.gradle/wrapper/dists/gradle-3.5.1-all/42vjebfdws9pjts3l4bouoq0p/gradle-3.5.1/lib/plugins/jetty-6.1.26.jar
7faaebd4b000-7faaebd4d000 r--s 0000a000 08:08 17957197                   /home/iliak/.gradle/wrapper/dists/gradle-3.5.1-all/42vjebfdws9pjts3l4bouoq0p/gradle-3.5.1/lib/plugins/gradle-jetty-3.5.1.jar
7faaebd4d000-7faaebd54000 r--s 00035000 08:08 17957255                   /home/iliak/.gradle/wrapper/dists/gradle-3.5.1-all/42vjebfdws9pjts3l4bouoq0p/gradle-3.5.1/lib/plugins/simple-4.1.21.jar
7faaebd54000-7faaebd60000 r--s 00100000 08:08 17957253                   /home/iliak/.gradle/wrapper/dists/gradle-3.5.1-all/42vjebfdws9pjts3l4bouoq0p/gradle-3.5.1/lib/plugins/rhino-1.7R3.jar
7faaebd60000-7faaebd64000 r--s 00012000 08:08 17957206                   /home/iliak/.gradle/wrapper/dists/gradle-3.5.1-all/42vjebfdws9pjts3l4bouoq0p/gradle-3.5.1/lib/plugins/gradle-javascript-3.5.1.jar
7faaebd64000-7faaebd67000 r--s 00011000 08:08 17957212                   /home/iliak/.gradle/wrapper/dists/gradle-3.5.1-all/42vjebfdws9pjts3l4bouoq0p/gradle-3.5.1/lib/plugins/gradle-jacoco-3.5.1.jar
7faaebd67000-7faaebd6a000 r--s 0000e000 08:08 17957211                   /home/iliak/.gradle/wrapper/dists/gradle-3.5.1-all/42vjebfdws9pjts3l4bouoq0p/gradle-3.5.1/lib/plugins/gradle-ivy-3.5.1.jar
7faaebd6a000-7faaebd6b000 r--s 00002000 08:08 17957222                   /home/iliak/.gradle/wrapper/dists/gradle-3.5.1-all/42vjebfdws9pjts3l4bouoq0p/gradle-3.5.1/lib/plugins/gradle-ide-play-3.5.1.jar
7faaebd6b000-7faaebd6e000 r--s 00013000 08:08 17957224                   /home/iliak/.gradle/wrapper/dists/gradle-3.5.1-all/42vjebfdws9pjts3l4bouoq0p/gradle-3.5.1/lib/plugins/gradle-ide-native-3.5.1.jar
7faaebd6e000-7faaebd77000 r--s 00056000 08:08 17957201                   /home/iliak/.gradle/wrapper/dists/gradle-3.5.1-all/42vjebfdws9pjts3l4bouoq0p/gradle-3.5.1/lib/plugins/gradle-ide-3.5.1.jar
7faaebd77000-7faaebd79000 r--s 00007000 08:08 17957205                   /home/iliak/.gradle/wrapper/dists/gradle-3.5.1-all/42vjebfdws9pjts3l4bouoq0p/gradle-3.5.1/lib/plugins/gradle-ear-3.5.1.jar
7faaebd79000-7faaebd7b000 r--s 00005000 08:08 17957256                   /home/iliak/.gradle/wrapper/dists/gradle-3.5.1-all/42vjebfdws9pjts3l4bouoq0p/gradle-3.5.1/lib/plugins/jatl-0.2.2.jar
7faaebd7b000-7faaebd82000 r--s 00038000 08:08 17957208                   /home/iliak/.gradle/wrapper/dists/gradle-3.5.1-all/42vjebfdws9pjts3l4bouoq0p/gradle-3.5.1/lib/plugins/gradle-diagnostics-3.5.1.jar
7faaebd82000-7faaebd84000 r--s 00009000 08:08 17957234                   /home/iliak/.gradle/wrapper/dists/gradle-3.5.1-all/42vjebfdws9pjts3l4bouoq0p/gradle-3.5.1/lib/plugins/gradle-composite-builds-3.5.1.jar
7faaebd84000-7faaebd89000 r--s 00023000 08:08 17957196                   /home/iliak/.gradle/wrapper/dists/gradle-3.5.1-all/42vjebfdws9pjts3l4bouoq0p/gradle-3.5.1/lib/plugins/gradle-code-quality-3.5.1.jar
7faaebd89000-7faaebd8e000 r--s 00022000 08:08 17957213                   /home/iliak/.gradle/wrapper/dists/gradle-3.5.1-all/42vjebfdws9pjts3l4bouoq0p/gradle-3.5.1/lib/plugins/gradle-build-init-3.5.1.jar
7faaebd8e000-7faaebd94000 r--s 0008e000 08:08 17957207                   /home/iliak/.gradle/wrapper/dists/gradle-3.5.1-all/42vjebfdws9pjts3l4bouoq0p/gradle-3.5.1/lib/plugins/gradle-build-comparison-3.5.1.jar
7faaebd94000-7faaebd95000 r--s 00002000 08:08 17957235                   /home/iliak/.gradle/wrapper/dists/gradle-3.5.1-all/42vjebfdws9pjts3l4bouoq0p/gradle-3.5.1/lib/plugins/gradle-build-cache-http-3.5.1.jar
7faaebd95000-7faaebd97000 r--s 00008000 08:08 17957198                   /home/iliak/.gradle/wrapper/dists/gradle-3.5.1-all/42vjebfdws9pjts3l4bouoq0p/gradle-3.5.1/lib/plugins/gradle-antlr-3.5.1.jar
7faaebd97000-7faaebd99000 r--s 00004000 08:08 17957202                   /home/iliak/.gradle/wrapper/dists/gradle-3.5.1-all/42vjebfdws9pjts3l4bouoq0p/gradle-3.5.1/lib/plugins/gradle-announce-3.5.1.jar
7faaebd99000-7faaebda1000 r--s 00028000 08:08 17957305                   /home/iliak/.gradle/wrapper/dists/gradle-3.5.1-all/42vjebfdws9pjts3l4bouoq0p/gradle-3.5.1/lib/plugins/xml-apis-1.3.04.jar
7faaebda1000-7faaebda7000 r--s 00033000 08:08 17957251                   /home/iliak/.gradle/wrapper/dists/gradle-3.5.1-all/42vjebfdws9pjts3l4bouoq0p/gradle-3.5.1/lib/plugins/commons-codec-1.6.jar
7faaebda7000-7faaebdae000 r--s 00049000 08:08 17957304                   /home/iliak/.gradle/wrapper/dists/gradle-3.5.1-all/42vjebfdws9pjts3l4bouoq0p/gradle-3.5.1/lib/plugins/httpcore-4.4.4.jar
7faaebdae000-7faaebdb1000 r--s 0001c000 08:08 17957262                   /home/iliak/.gradle/wrapper/dists/gradle-3.5.1-all/42vjebfdws9pjts3l4bouoq0p/gradle-3.5.1/lib/plugins/nekohtml-1.9.14.jar
7faaebdb1000-7faaebdc9000 r--s 00115000 08:08 17957261                   /home/iliak/.gradle/wrapper/dists/gradle-3.5.1-all/42vjebfdws9pjts3l4bouoq0p/gradle-3.5.1/lib/plugins/xercesImpl-2.9.1.jar
7faaebdc9000-7faaebdcf000 r--s 0005b000 08:08 17957260                   /home/iliak/.gradle/wrapper/dists/gradle-3.5.1-all/42vjebfdws9pjts3l4bouoq0p/gradle-3.5.1/lib/plugins/jcifs-1.3.17.jar
7faaebdcf000-7faaebddc000 r--s 000a4000 08:08 17957259                   /home/iliak/.gradle/wrapper/dists/gradle-3.5.1-all/42vjebfdws9pjts3l4bouoq0p/gradle-3.5.1/lib/plugins/httpclient-4.4.1.jar
7faaebddc000-7faaebddf000 r--s 0000a000 08:08 17957230                   /home/iliak/.gradle/wrapper/dists/gradle-3.5.1-all/42vjebfdws9pjts3l4bouoq0p/gradle-3.5.1/lib/plugins/gradle-resources-http-3.5.1.jar
7faaebddf000-7faaebde3000 r--s 00017000 08:08 17957229                   /home/iliak/.gradle/wrapper/dists/gradle-3.5.1-all/42vjebfdws9pjts3l4bouoq0p/gradle-3.5.1/lib/plugins/gradle-plugin-use-3.5.1.jar
7faaebde3000-7faaebde4000 r--s 00000000 08:08 17957139                   /home/iliak/.gradle/wrapper/dists/gradle-3.5.1-all/42vjebfdws9pjts3l4bouoq0p/gradle-3.5.1/lib/gradle-runtime-api-info-3.5.1.jar
7faaebde4000-7faaebde6000 r--s 00006000 08:08 17957300                   /home/iliak/.gradle/wrapper/dists/gradle-3.5.1-all/42vjebfdws9pjts3l4bouoq0p/gradle-3.5.1/lib/plugins/aether-connector-wagon-1.13.1.jar
7faaebde6000-7faaebdea000 r--s 0001c000 08:08 17957299                   /home/iliak/.gradle/wrapper/dists/gradle-3.5.1-all/42vjebfdws9pjts3l4bouoq0p/gradle-3.5.1/lib/plugins/aether-util-1.13.1.jar
7faaebdea000-7faaebe00000 r-xp 00000000 08:07 394353                     /lib/x86_64-linux-gnu/libgcc_s.so.1
7faaebe00000-7faaebfff000 ---p 00016000 08:07 394353                     /lib/x86_64-linux-gnu/libgcc_s.so.1
7faaebfff000-7faaec000000 rw-p 00015000 08:07 394353                     /lib/x86_64-linux-gnu/libgcc_s.so.1
7faaec000000-7faaec024000 rw-p 00000000 00:00 0 
7faaec024000-7faaf0000000 ---p 00000000 00:00 0 
7faaf0000000-7faaf0001000 r--s 00000000 08:08 17957141                   /home/iliak/.gradle/wrapper/dists/gradle-3.5.1-all/42vjebfdws9pjts3l4bouoq0p/gradle-3.5.1/lib/gradle-installation-beacon-3.5.1.jar
7faaf0001000-7faaf0002000 r--s 00003000 08:08 17957298                   /home/iliak/.gradle/wrapper/dists/gradle-3.5.1-all/42vjebfdws9pjts3l4bouoq0p/gradle-3.5.1/lib/plugins/aether-spi-1.13.1.jar
7faaf0002000-7faaf0005000 r--s 0001d000 08:08 17957297                   /home/iliak/.gradle/wrapper/dists/gradle-3.5.1-all/42vjebfdws9pjts3l4bouoq0p/gradle-3.5.1/lib/plugins/aether-impl-1.13.1.jar
7faaf0005000-7faaf0008000 r--s 00013000 08:08 17957296                   /home/iliak/.gradle/wrapper/dists/gradle-3.5.1-all/42vjebfdws9pjts3l4bouoq0p/gradle-3.5.1/lib/plugins/aether-api-1.13.1.jar
7faaf0008000-7faaf0009000 r--s 00007000 08:08 17957295                   /home/iliak/.gradle/wrapper/dists/gradle-3.5.1-all/42vjebfdws9pjts3l4bouoq0p/gradle-3.5.1/lib/plugins/wagon-http-shared4-2.4.jar
7faaf0009000-7faaf000b000 r--s 0000b000 08:08 17957294                   /home/iliak/.gradle/wrapper/dists/gradle-3.5.1-all/42vjebfdws9pjts3l4bouoq0p/gradle-3.5.1/lib/plugins/wagon-provider-api-2.4.jar
7faaf000b000-7faaf000c000 r--s 00002000 08:08 17957293                   /home/iliak/.gradle/wrapper/dists/gradle-3.5.1-all/42vjebfdws9pjts3l4bouoq0p/gradle-3.5.1/lib/plugins/wagon-http-2.4.jar
7faaf000c000-7faaf000d000 r--s 00002000 08:08 17957292                   /home/iliak/.gradle/wrapper/dists/gradle-3.5.1-all/42vjebfdws9pjts3l4bouoq0p/gradle-3.5.1/lib/plugins/wagon-file-2.4.jar
7faaf000d000-7faaf000f000 r--s 0000c000 08:08 17957291                   /home/iliak/.gradle/wrapper/dists/gradle-3.5.1-all/42vjebfdws9pjts3l4bouoq0p/gradle-3.5.1/lib/plugins/maven-aether-provider-3.0.4.jar
7faaf000f000-7faaf0011000 r--s 0000b000 08:08 17957290                   /home/iliak/.gradle/wrapper/dists/gradle-3.5.1-all/42vjebfdws9pjts3l4bouoq0p/gradle-3.5.1/lib/plugins/maven-plugin-api-3.0.4.jar
7faaf0011000-7faaf0013000 r--s 00006000 08:08 17957289                   /home/iliak/.gradle/wrapper/dists/gradle-3.5.1-all/42vjebfdws9pjts3l4bouoq0p/gradle-3.5.1/lib/plugins/maven-repository-metadata-3.0.4.jar
7faaf0013000-7faaf0015000 r--s 0000b000 08:08 17957288                   /home/iliak/.gradle/wrapper/dists/gradle-3.5.1-all/42vjebfdws9pjts3l4bouoq0p/gradle-3.5.1/lib/plugins/maven-artifact-3.0.4.jar
7faaf0015000-7faaf0017000 r--s 00026000 08:08 17957287                   /home/iliak/.gradle/wrapper/dists/gradle-3.5.1-all/42vjebfdws9pjts3l4bouoq0p/gradle-3.5.1/lib/plugins/maven-model-3.0.4.jar
7faaf0017000-7faaf001b000 r--s 00021000 08:08 17957286                   /home/iliak/.gradle/wrapper/dists/gradle-3.5.1-all/42vjebfdws9pjts3l4bouoq0p/gradle-3.5.1/lib/plugins/maven-model-builder-3.0.4.jar
7faaf001b000-7faaf0021000 r--s 0003f000 08:08 17957285                   /home/iliak/.gradle/wrapper/dists/gradle-3.5.1-all/42vjebfdws9pjts3l4bouoq0p/gradle-3.5.1/lib/plugins/maven-compat-3.0.4.jar
7faaf0021000-7faaf0022000 r--s 00006000 08:08 17957284                   /home/iliak/.gradle/wrapper/dists/gradle-3.5.1-all/42vjebfdws9pjts3l4bouoq0p/gradle-3.5.1/lib/plugins/plexus-sec-dispatcher-1.3.jar
7faaf0022000-7faaf0024000 r--s 00002000 08:08 17957283                   /home/iliak/.gradle/wrapper/dists/gradle-3.5.1-all/42vjebfdws9pjts3l4bouoq0p/gradle-3.5.1/lib/plugins/plexus-cipher-1.7.jar
7faaf0024000-7faaf0026000 r--s 0000a000 08:08 17957282                   /home/iliak/.gradle/wrapper/dists/gradle-3.5.1-all/42vjebfdws9pjts3l4bouoq0p/gradle-3.5.1/lib/plugins/plexus-classworlds-2.4.jar
7faaf0026000-7faaf002d000 r--s 0002e000 08:08 17957281                   /home/iliak/.gradle/wrapper/dists/gradle-3.5.1-all/42vjebfdws9pjts3l4bouoq0p/gradle-3.5.1/lib/plugins/plexus-container-default-1.5.5.jar
7faaf002d000-7faaf002f000 r--s 00000000 08:08 17957306                   /home/iliak/.gradle/wrapper/dists/gradle-3.5.1-all/42vjebfdws9pjts3l4bouoq0p/gradle-3.5.1/lib/plugins/plexus-component-annotations-1.5.5.jar
7faaf002f000-7faaf0031000 r--s 0000d000 08:08 17957280                   /home/iliak/.gradle/wrapper/dists/gradle-3.5.1-all/42vjebfdws9pjts3l4bouoq0p/gradle-3.5.1/lib/plugins/plexus-interpolation-1.14.jar
7faaf0031000-7faaf0035000 r--s 00033000 08:08 17957279                   /home/iliak/.gradle/wrapper/dists/gradle-3.5.1-all/42vjebfdws9pjts3l4bouoq0p/gradle-3.5.1/lib/plugins/plexus-utils-2.0.6.jar
7faaf0035000-7faaf0038000 r--s 00008000 08:08 17957278                   /home/iliak/.gradle/wrapper/dists/gradle-3.5.1-all/42vjebfdws9pjts3l4bouoq0p/gradle-3.5.1/lib/plugins/maven-settings-builder-3.0.4.jar
7faaf0038000-7faaf003a000 r--s 0000a000 08:08 17957277                   /home/iliak/.gradle/wrapper/dists/gradle-3.5.1-all/42vjebfdws9pjts3l4bouoq0p/gradle-3.5.1/lib/plugins/maven-settings-3.0.4.jar
7faaf003a000-7faaf003f000 r--s 00040000 08:08 17957263                   /home/iliak/.gradle/wrapper/dists/gradle-3.5.1-all/42vjebfdws9pjts3l4bouoq0p/gradle-3.5.1/lib/plugins/jsch-0.1.54.jar
7faaf003f000-7faaf007f000 r--s 00277000 08:08 17957273                   /home/iliak/.gradle/wrapper/dists/gradle-3.5.1-all/42vjebfdws9pjts3l4bouoq0p/gradle-3.5.1/lib/plugins/bcprov-jdk15on-1.51.jar
7faaf007f000-7faaf0083000 r--s 0001d000 08:08 17957272                   /home/iliak/.gradle/wrapper/dists/gradle-3.5.1-all/42vjebfdws9pjts3l4bouoq0p/gradle-3.5.1/lib/plugins/xbean-reflect-3.4.jar
7faaf0083000-7faaf008f000 r--s 0007d000 08:08 17957248                   /home/iliak/.gradle/wrapper/dists/gradle-3.5.1-all/42vjebfdws9pjts3l4bouoq0p/gradle-3.5.1/lib/plugins/maven-core-3.0.4.jar
7faaf008f000-7faaf009e000 r--s 000d9000 08:08 17957271                   /home/iliak/.gradle/wrapper/dists/gradle-3.5.1-all/42vjebfdws9pjts3l4bouoq0p/gradle-3.5.1/lib/plugins/ivy-2.2.0.jar
7faaf009e000-7faaf0210000 r-xp 00000000 08:07 267738                     /usr/lib/x86_64-linux-gnu/libstdc++.so.6.0.21
7faaf0210000-7faaf0410000 ---p 00172000 08:07 267738                     /usr/lib/x86_64-linux-gnu/libstdc++.so.6.0.21
7faaf0410000-7faaf041a000 r--p 00172000 08:07 267738                     /usr/lib/x86_64-linux-gnu/libstdc++.so.6.0.21
7faaf041a000-7faaf041c000 rw-p 0017c000 08:07 267738                     /usr/lib/x86_64-linux-gnu/libstdc++.so.6.0.21
7faaf041c000-7faaf0420000 rw-p 00000000 00:00 0 
7faaf0420000-7faaf0425000 r--s 00034000 08:08 17957254                   /home/iliak/.gradle/wrapper/dists/gradle-3.5.1-all/42vjebfdws9pjts3l4bouoq0p/gradle-3.5.1/lib/plugins/gson-2.7.jar
7faaf0425000-7faaf0446000 r--s 00105000 08:08 17957237                   /home/iliak/.gradle/wrapper/dists/gradle-3.5.1-all/42vjebfdws9pjts3l4bouoq0p/gradle-3.5.1/lib/plugins/gradle-dependency-management-3.5.1.jar
7faaf0446000-7faaf0448000 r--s 00007000 08:08 17957236                   /home/iliak/.gradle/wrapper/dists/gradle-3.5.1-all/42vjebfdws9pjts3l4bouoq0p/gradle-3.5.1/lib/plugins/gradle-workers-3.5.1.jar
7faaf0448000-7faaf044d000 r-xp 00000000 08:08 14946430                   /home/iliak/.gradle/native/25/linux-amd64/libnative-platform.so
7faaf044d000-7faaf064c000 ---p 00005000 08:08 14946430                   /home/iliak/.gradle/native/25/linux-amd64/libnative-platform.so
7faaf064c000-7faaf064d000 rw-p 00004000 08:08 14946430                   /home/iliak/.gradle/native/25/linux-amd64/libnative-platform.so
7faaf064d000-7faaf065e000 r-xp 00000000 08:07 295998                     /usr/lib/jvm/java-8-oracle/jre/lib/amd64/libnio.so
7faaf065e000-7faaf085d000 ---p 00011000 08:07 295998                     /usr/lib/jvm/java-8-oracle/jre/lib/amd64/libnio.so
7faaf085d000-7faaf085e000 rw-p 00010000 08:07 295998                     /usr/lib/jvm/java-8-oracle/jre/lib/amd64/libnio.so
7faaf085e000-7faaf0874000 r-xp 00000000 08:07 296030                     /usr/lib/jvm/java-8-oracle/jre/lib/amd64/libnet.so
7faaf0874000-7faaf0a74000 ---p 00016000 08:07 296030                     /usr/lib/jvm/java-8-oracle/jre/lib/amd64/libnet.so
7faaf0a74000-7faaf0a75000 rw-p 00016000 08:07 296030                     /usr/lib/jvm/java-8-oracle/jre/lib/amd64/libnet.so
7faaf0a75000-7faaf0a76000 r--s 00006000 08:08 17957140                   /home/iliak/.gradle/wrapper/dists/gradle-3.5.1-all/42vjebfdws9pjts3l4bouoq0p/gradle-3.5.1/lib/gradle-wrapper-3.5.1.jar
7faaf0a76000-7faaf0a83000 r--s 00043000 08:08 17957147                   /home/iliak/.gradle/wrapper/dists/gradle-3.5.1-all/42vjebfdws9pjts3l4bouoq0p/gradle-3.5.1/lib/gradle-tooling-api-3.5.1.jar
7faaf0a83000-7faaf0a85000 r--s 00002000 08:08 17957168                   /home/iliak/.gradle/wrapper/dists/gradle-3.5.1-all/42vjebfdws9pjts3l4bouoq0p/gradle-3.5.1/lib/gradle-open-api-3.5.1.jar
7faaf0a85000-7faaf0a8b000 r--s 00032000 08:08 17957170                   /home/iliak/.gradle/wrapper/dists/gradle-3.5.1-all/42vjebfdws9pjts3l4bouoq0p/gradle-3.5.1/lib/jaxen-1.1.jar
7faaf0a8b000-7faaf0ac2000 r--s 00284000 08:08 17957136                   /home/iliak/.gradle/wrapper/dists/gradle-3.5.1-all/42vjebfdws9pjts3l4bouoq0p/gradle-3.5.1/lib/kotlin-reflect-1.1.0.jar
7faaf0ac2000-7faaf0c87000 r--s 017fb000 08:08 17957135                   /home/iliak/.gradle/wrapper/dists/gradle-3.5.1-all/42vjebfdws9pjts3l4bouoq0p/gradle-3.5.1/lib/kotlin-compiler-embeddable-1.1.0.jar
7faaf0c87000-7faaf0cf7000 r--s 00645000 08:08 17957158                   /home/iliak/.gradle/wrapper/dists/gradle-3.5.1-all/42vjebfdws9pjts3l4bouoq0p/gradle-3.5.1/lib/groovy-all-2.4.10.jar
7faaf0cf7000-7faaf0cf8000 ---p 00000000 00:00 0 
7faaf0cf8000-7faaf0df8000 rw-p 00000000 00:00 0                          [stack:18870]
7faaf0df8000-7faaf0dfb000 ---p 00000000 00:00 0 
7faaf0dfb000-7faaf0ef9000 rw-p 00000000 00:00 0                          [stack:18869]
7faaf0ef9000-7faaf0efc000 ---p 00000000 00:00 0 
7faaf0efc000-7faaf0ffa000 rw-p 00000000 00:00 0                          [stack:18868]
7faaf0ffa000-7faaf0ffd000 ---p 00000000 00:00 0 
7faaf0ffd000-7faaf10fb000 rw-p 00000000 00:00 0                          [stack:18867]
7faaf10fb000-7faaf10fe000 ---p 00000000 00:00 0 
7faaf10fe000-7faaf11fc000 rw-p 00000000 00:00 0                          [stack:18866]
7faaf11fc000-7faaf11ff000 ---p 00000000 00:00 0 
7faaf11ff000-7faaf12fd000 rw-p 00000000 00:00 0                          [stack:18865]
7faaf12fd000-7faaf16f7000 r--p 00000000 08:07 271353                     /usr/lib/locale/locale-archive
7faaf16f7000-7faaf16fa000 ---p 00000000 00:00 0 
7faaf16fa000-7faaf17f8000 rw-p 00000000 00:00 0                          [stack:18864]
7faaf17f8000-7faaf17fb000 ---p 00000000 00:00 0 
7faaf17fb000-7faaf18f9000 rw-p 00000000 00:00 0                          [stack:18863]
7faaf18f9000-7faaf18fa000 ---p 00000000 00:00 0 
7faaf18fa000-7faaf4000000 rw-p 00000000 00:00 0                          [stack:18862]
7faaf4000000-7faaf4021000 rw-p 00000000 00:00 0 
7faaf4021000-7faaf8000000 ---p 00000000 00:00 0 
7faaf8000000-7faaf8005000 r--s 00048000 08:08 17957169                   /home/iliak/.gradle/wrapper/dists/gradle-3.5.1-all/42vjebfdws9pjts3l4bouoq0p/gradle-3.5.1/lib/dom4j-1.6.1.jar
7faaf8005000-7faaf8010000 r--s 00059000 08:08 17957146                   /home/iliak/.gradle/wrapper/dists/gradle-3.5.1-all/42vjebfdws9pjts3l4bouoq0p/gradle-3.5.1/lib/gradle-ui-3.5.1.jar
7faaf8010000-7faaf801e000 r--s 000cb000 08:08 17957137                   /home/iliak/.gradle/wrapper/dists/gradle-3.5.1-all/42vjebfdws9pjts3l4bouoq0p/gradle-3.5.1/lib/kotlin-stdlib-1.1.0.jar
7faaf801e000-7faaf8020000 r--s 00003000 08:08 17957133                   /home/iliak/.gradle/wrapper/dists/gradle-3.5.1-all/42vjebfdws9pjts3l4bouoq0p/gradle-3.5.1/lib/annotations-13.0.jar
7faaf8020000-7faaf8028000 r--s 00055000 08:08 17957134                   /home/iliak/.gradle/wrapper/dists/gradle-3.5.1-all/42vjebfdws9pjts3l4bouoq0p/gradle-3.5.1/lib/gradle-script-kotlin-0.8.0.jar
7faaf8028000-7faaf802b000 r--s 0000b000 08:08 17957156                   /home/iliak/.gradle/wrapper/dists/gradle-3.5.1-all/42vjebfdws9pjts3l4bouoq0p/gradle-3.5.1/lib/gradle-resources-3.5.1.jar
7faaf802b000-7faaf802d000 r--s 00005000 08:08 17957145                   /home/iliak/.gradle/wrapper/dists/gradle-3.5.1-all/42vjebfdws9pjts3l4bouoq0p/gradle-3.5.1/lib/gradle-cli-3.5.1.jar
7faaf802d000-7faaf802f000 r--s 00003000 08:08 17957174                   /home/iliak/.gradle/wrapper/dists/gradle-3.5.1-all/42vjebfdws9pjts3l4bouoq0p/gradle-3.5.1/lib/jcl-over-slf4j-1.7.10.jar
7faaf802f000-7faaf8030000 r--s 00005000 08:08 17957173                   /home/iliak/.gradle/wrapper/dists/gradle-3.5.1-all/42vjebfdws9pjts3l4bouoq0p/gradle-3.5.1/lib/log4j-over-slf4j-1.7.10.jar
7faaf8030000-7faaf8032000 r--s 00000000 08:08 17957172                   /home/iliak/.gradle/wrapper/dists/gradle-3.5.1-all/42vjebfdws9pjts3l4bouoq0p/gradle-3.5.1/lib/jul-to-slf4j-1.7.10.jar
7faaf8032000-7faaf8038000 r--s 00027000 08:08 17957149                   /home/iliak/.gradle/wrapper/dists/gradle-3.5.1-all/42vjebfdws9pjts3l4bouoq0p/gradle-3.5.1/lib/gradle-logging-3.5.1.jar
7faaf8038000-7faaf8046000 r--s 0007f000 08:08 17957157                   /home/iliak/.gradle/wrapper/dists/gradle-3.5.1-all/42vjebfdws9pjts3l4bouoq0p/gradle-3.5.1/lib/gradle-model-core-3.5.1.jar
7faaf8046000-7faaf8048000 r--s 00006000 08:08 17957154                   /home/iliak/.gradle/wrapper/dists/gradle-3.5.1-all/42vjebfdws9pjts3l4bouoq0p/gradle-3.5.1/lib/gradle-base-services-groovy-3.5.1.jar
7faaf8048000-7faaf804a000 r--s 00007000 08:08 17957162                   /home/iliak/.gradle/wrapper/dists/gradle-3.5.1-all/42vjebfdws9pjts3l4bouoq0p/gradle-3.5.1/lib/gradle-model-groovy-3.5.1.jar
7faaf804a000-7faaf804b000 r--s 00002000 08:08 17957167                   /home/iliak/.gradle/wrapper/dists/gradle-3.5.1-all/42vjebfdws9pjts3l4bouoq0p/gradle-3.5.1/lib/gradle-docs-3.5.1.jar
7faaf804b000-7faaf804c000 r--s 00000000 08:08 17957165                   /home/iliak/.gradle/wrapper/dists/gradle-3.5.1-all/42vjebfdws9pjts3l4bouoq0p/gradle-3.5.1/lib/jcip-annotations-1.0.jar
7faaf804c000-7faaf8059000 r--s 00083000 08:08 17957163                   /home/iliak/.gradle/wrapper/dists/gradle-3.5.1-all/42vjebfdws9pjts3l4bouoq0p/gradle-3.5.1/lib/commons-collections-3.2.2.jar
7faaf8059000-7faaf805a000 r--s 00000000 08:08 17957161                   /home/iliak/.gradle/wrapper/dists/gradle-3.5.1-all/42vjebfdws9pjts3l4bouoq0p/gradle-3.5.1/lib/javax.inject-1.jar
7faaf805a000-7faaf805b000 r--s 00001000 08:08 17957190                   /home/iliak/.gradle/wrapper/dists/gradle-3.5.1-all/42vjebfdws9pjts3l4bouoq0p/gradle-3.5.1/lib/native-platform-linux-i386-ncurses6-0.14.jar
7faaf805b000-7faaf805c000 r--s 00001000 08:08 17957189                   /home/iliak/.gradle/wrapper/dists/gradle-3.5.1-all/42vjebfdws9pjts3l4bouoq0p/gradle-3.5.1/lib/native-platform-linux-i386-ncurses5-0.14.jar
7faaf805c000-7faaf805d000 r--s 00001000 08:08 17957188                   /home/iliak/.gradle/wrapper/dists/gradle-3.5.1-all/42vjebfdws9pjts3l4bouoq0p/gradle-3.5.1/lib/native-platform-linux-amd64-ncurses6-0.14.jar
7faaf805d000-7faaf805e000 r--s 00001000 08:08 17957187                   /home/iliak/.gradle/wrapper/dists/gradle-3.5.1-all/42vjebfdws9pjts3l4bouoq0p/gradle-3.5.1/lib/native-platform-linux-amd64-ncurses5-0.14.jar
7faaf805e000-7faaf805f000 r--s 0000b000 08:08 17957186                   /home/iliak/.gradle/wrapper/dists/gradle-3.5.1-all/42vjebfdws9pjts3l4bouoq0p/gradle-3.5.1/lib/native-platform-windows-i386-0.14.jar
7faaf805f000-7faaf8061000 r--s 0000b000 08:08 17957185                   /home/iliak/.gradle/wrapper/dists/gradle-3.5.1-all/42vjebfdws9pjts3l4bouoq0p/gradle-3.5.1/lib/native-platform-windows-amd64-0.14.jar
7faaf8061000-7faaf8062000 r--s 00003000 08:08 17957184                   /home/iliak/.gradle/wrapper/dists/gradle-3.5.1-all/42vjebfdws9pjts3l4bouoq0p/gradle-3.5.1/lib/native-platform-osx-i386-0.14.jar
7faaf8062000-7faaf8064000 r--s 00002000 08:08 17957183                   /home/iliak/.gradle/wrapper/dists/gradle-3.5.1-all/42vjebfdws9pjts3l4bouoq0p/gradle-3.5.1/lib/native-platform-osx-amd64-0.14.jar
7faaf8064000-7faaf8065000 r--s 00002000 08:08 17957182                   /home/iliak/.gradle/wrapper/dists/gradle-3.5.1-all/42vjebfdws9pjts3l4bouoq0p/gradle-3.5.1/lib/native-platform-linux-i386-0.14.jar
7faaf8065000-7faaf8066000 r--s 00002000 08:08 17957181                   /home/iliak/.gradle/wrapper/dists/gradle-3.5.1-all/42vjebfdws9pjts3l4bouoq0p/gradle-3.5.1/lib/native-platform-linux-amd64-0.14.jar
7faaf8066000-7faaf8067000 r--s 00003000 08:08 17957180                   /home/iliak/.gradle/wrapper/dists/gradle-3.5.1-all/42vjebfdws9pjts3l4bouoq0p/gradle-3.5.1/lib/native-platform-freebsd-i386-libstdcpp-0.14.jar
7faaf8067000-7faaf8068000 r--s 00004000 08:08 17957179                   /home/iliak/.gradle/wrapper/dists/gradle-3.5.1-all/42vjebfdws9pjts3l4bouoq0p/gradle-3.5.1/lib/native-platform-freebsd-i386-libcpp-0.14.jar
7faaf8068000-7faaf8069000 r--s 00004000 08:08 17957178                   /home/iliak/.gradle/wrapper/dists/gradle-3.5.1-all/42vjebfdws9pjts3l4bouoq0p/gradle-3.5.1/lib/native-platform-freebsd-amd64-libstdcpp-0.14.jar
7faaf8069000-7faaf806c000 r--s 00023000 08:08 17957171                   /home/iliak/.gradle/wrapper/dists/gradle-3.5.1-all/42vjebfdws9pjts3l4bouoq0p/gradle-3.5.1/lib/jansi-1.14.jar
7faaf806c000-7faaf8070000 r--s 00027000 08:08 17957164                   /home/iliak/.gradle/wrapper/dists/gradle-3.5.1-all/42vjebfdws9pjts3l4bouoq0p/gradle-3.5.1/lib/commons-io-2.2.jar
7faaf8070000-7faaf8074000 r--s 00012000 08:08 17957166                   /home/iliak/.gradle/wrapper/dists/gradle-3.5.1-all/42vjebfdws9pjts3l4bouoq0p/gradle-3.5.1/lib/native-platform-0.14.jar
7faaf8074000-7faaf8077000 r--s 0000c000 08:08 17957148                   /home/iliak/.gradle/wrapper/dists/gradle-3.5.1-all/42vjebfdws9pjts3l4bouoq0p/gradle-3.5.1/lib/gradle-native-3.5.1.jar
7faaf8077000-7faaf8079000 r--s 00007000 08:08 17957193                   /home/iliak/.gradle/wrapper/dists/gradle-3.5.1-all/42vjebfdws9pjts3l4bouoq0p/gradle-3.5.1/lib/objenesis-1.2.jar
7faaf8079000-7faaf807b000 r--s 00000000 08:08 17957192                   /home/iliak/.gradle/wrapper/dists/gradle-3.5.1-all/42vjebfdws9pjts3l4bouoq0p/gradle-3.5.1/lib/minlog-1.2.jar
7faaf807b000-7faaf807d000 r--s 0000f000 08:08 17957191                   /home/iliak/.gradle/wrapper/dists/gradle-3.5.1-all/42vjebfdws9pjts3l4bouoq0p/gradle-3.5.1/lib/reflectasm-1.07-shaded.jar
7faaf807d000-7faaf8082000 r--s 00038000 08:08 17957159                   /home/iliak/.gradle/wrapper/dists/gradle-3.5.1-all/42vjebfdws9pjts3l4bouoq0p/gradle-3.5.1/lib/asm-all-5.1.jar
7faaf8082000-7faaf8086000 r--s 00026000 08:08 17957175                   /home/iliak/.gradle/wrapper/dists/gradle-3.5.1-all/42vjebfdws9pjts3l4bouoq0p/gradle-3.5.1/lib/kryo-2.20.jar
7faaf8086000-7faaf808d000 r--s 0002a000 08:08 17957155                   /home/iliak/.gradle/wrapper/dists/gradle-3.5.1-all/42vjebfdws9pjts3l4bouoq0p/gradle-3.5.1/lib/gradle-messaging-3.5.1.jar
7faaf808d000-7faaf808f000 r--s 00006000 08:08 17957153                   /home/iliak/.gradle/wrapper/dists/gradle-3.5.1-all/42vjebfdws9pjts3l4bouoq0p/gradle-3.5.1/lib/gradle-process-services-3.5.1.jar
7faaf808f000-7faaf8091000 r--s 00000000 08:08 17957143                   /home/iliak/.gradle/wrapper/dists/gradle-3.5.1-all/42vjebfdws9pjts3l4bouoq0p/gradle-3.5.1/lib/gradle-jvm-services-3.5.1.jar
7faaf8091000-7faaf8096000 r--s 00041000 08:08 17957152                   /home/iliak/.gradle/wrapper/dists/gradle-3.5.1-all/42vjebfdws9pjts3l4bouoq0p/gradle-3.5.1/lib/commons-lang-2.6.jar
7faaf8096000-7faaf80be000 r--s 001cf000 08:08 17957151                   /home/iliak/.gradle/wrapper/dists/gradle-3.5.1-all/42vjebfdws9pjts3l4bouoq0p/gradle-3.5.1/lib/guava-jdk5-17.0.jar
7faaf80be000-7faaf80dd000 r--s 001d1000 08:08 17957160                   /home/iliak/.gradle/wrapper/dists/gradle-3.5.1-all/42vjebfdws9pjts3l4bouoq0p/gradle-3.5.1/lib/ant-1.9.6.jar
7faaf80dd000-7faaf80f9000 r--s 00393000 08:07 296064                     /usr/lib/jvm/java-8-oracle/jre/lib/ext/cldrdata.jar
7faaf80f9000-7faaf9000000 rw-p 00000000 00:00 0 
7faaf9000000-7faaf9ad0000 rwxp 00000000 00:00 0 
7faaf9ad0000-7fab08000000 ---p 00000000 00:00 0 
7fab08000000-7fab08d36000 rw-p 00000000 00:00 0 
7fab08d36000-7fab0c000000 ---p 00000000 00:00 0 
7fab0c000000-7fab0c001000 r--s 00004000 08:08 17957177                   /home/iliak/.gradle/wrapper/dists/gradle-3.5.1-all/42vjebfdws9pjts3l4bouoq0p/gradle-3.5.1/lib/native-platform-freebsd-amd64-libcpp-0.14.jar
7fab0c001000-7fab0c002000 r--s 00000000 08:08 17957308                   /home/iliak/.gradle/wrapper/dists/gradle-3.5.1-all/42vjebfdws9pjts3l4bouoq0p/gradle-3.5.1/lib/gradle-version-info-3.5.1.jar
7fab0c002000-7fab0c044000 r--s 0021f000 08:08 17957144                   /home/iliak/.gradle/wrapper/dists/gradle-3.5.1-all/42vjebfdws9pjts3l4bouoq0p/gradle-3.5.1/lib/gradle-core-3.5.1.jar
7fab0c044000-7fab0c050000 r--s 0005a000 08:08 17957138                   /home/iliak/.gradle/wrapper/dists/gradle-3.5.1-all/42vjebfdws9pjts3l4bouoq0p/gradle-3.5.1/lib/gradle-launcher-3.5.1.jar
7fab0c050000-7fab0c304000 rw-p 00000000 00:00 0 
7fab0c304000-7fab0c4de000 r--s 03d4d000 08:07 296270                     /usr/lib/jvm/java-8-oracle/jre/lib/rt.jar
7fab0c4de000-7fab0c754000 rw-p 00000000 00:00 0 
7fab0c754000-7fab0c755000 ---p 00000000 00:00 0 
7fab0c755000-7fab0c855000 rw-p 00000000 00:00 0                          [stack:18861]
7fab0c855000-7fab0c856000 ---p 00000000 00:00 0 
7fab0c856000-7fab0c956000 rw-p 00000000 00:00 0                          [stack:18860]
7fab0c956000-7fab0c957000 ---p 00000000 00:00 0 
7fab0c957000-7fab0ca57000 rw-p 00000000 00:00 0                          [stack:18859]
7fab0ca57000-7fab0ca58000 ---p 00000000 00:00 0 
7fab0ca58000-7fab0cb69000 rw-p 00000000 00:00 0                          [stack:18858]
7fab0cb69000-7fab0ccae000 ---p 00000000 00:00 0 
7fab0ccae000-7fab0ccbf000 rw-p 00000000 00:00 0 
7fab0ccbf000-7fab0ce03000 ---p 00000000 00:00 0 
7fab0ce03000-7fab0ce4b000 rw-p 00000000 00:00 0 
7fab0ce4b000-7fab0ceae000 ---p 00000000 00:00 0 
7fab0ceae000-7fab0cedb000 rw-p 00000000 00:00 0 
7fab0cedb000-7fab0d26f000 ---p 00000000 00:00 0 
7fab0d26f000-7fab0d289000 r-xp 00000000 08:07 296037                     /usr/lib/jvm/java-8-oracle/jre/lib/amd64/libzip.so
7fab0d289000-7fab0d489000 ---p 0001a000 08:07 296037                     /usr/lib/jvm/java-8-oracle/jre/lib/amd64/libzip.so
7fab0d489000-7fab0d48a000 rw-p 0001a000 08:07 296037                     /usr/lib/jvm/java-8-oracle/jre/lib/amd64/libzip.so
7fab0d48a000-7fab0d494000 r-xp 00000000 08:07 394368                     /lib/x86_64-linux-gnu/libnss_files-2.19.so
7fab0d494000-7fab0d693000 ---p 0000a000 08:07 394368                     /lib/x86_64-linux-gnu/libnss_files-2.19.so
7fab0d693000-7fab0d694000 r--p 00009000 08:07 394368                     /lib/x86_64-linux-gnu/libnss_files-2.19.so
7fab0d694000-7fab0d695000 rw-p 0000a000 08:07 394368                     /lib/x86_64-linux-gnu/libnss_files-2.19.so
7fab0d695000-7fab0d6a0000 r-xp 00000000 08:07 413505                     /lib/x86_64-linux-gnu/libnss_nis-2.19.so
7fab0d6a0000-7fab0d89f000 ---p 0000b000 08:07 413505                     /lib/x86_64-linux-gnu/libnss_nis-2.19.so
7fab0d89f000-7fab0d8a0000 r--p 0000a000 08:07 413505                     /lib/x86_64-linux-gnu/libnss_nis-2.19.so
7fab0d8a0000-7fab0d8a1000 rw-p 0000b000 08:07 413505                     /lib/x86_64-linux-gnu/libnss_nis-2.19.so
7fab0d8a1000-7fab0d8b8000 r-xp 00000000 08:07 394334                     /lib/x86_64-linux-gnu/libnsl-2.19.so
7fab0d8b8000-7fab0dab7000 ---p 00017000 08:07 394334                     /lib/x86_64-linux-gnu/libnsl-2.19.so
7fab0dab7000-7fab0dab8000 r--p 00016000 08:07 394334                     /lib/x86_64-linux-gnu/libnsl-2.19.so
7fab0dab8000-7fab0dab9000 rw-p 00017000 08:07 394334                     /lib/x86_64-linux-gnu/libnsl-2.19.so
7fab0dab9000-7fab0dabb000 rw-p 00000000 00:00 0 
7fab0dabb000-7fab0dac4000 r-xp 00000000 08:07 413503                     /lib/x86_64-linux-gnu/libnss_compat-2.19.so
7fab0dac4000-7fab0dcc3000 ---p 00009000 08:07 413503                     /lib/x86_64-linux-gnu/libnss_compat-2.19.so
7fab0dcc3000-7fab0dcc4000 r--p 00008000 08:07 413503                     /lib/x86_64-linux-gnu/libnss_compat-2.19.so
7fab0dcc4000-7fab0dcc5000 rw-p 00009000 08:07 413503                     /lib/x86_64-linux-gnu/libnss_compat-2.19.so
7fab0dcc5000-7fab0dcf0000 r-xp 00000000 08:07 296012                     /usr/lib/jvm/java-8-oracle/jre/lib/amd64/libjava.so
7fab0dcf0000-7fab0deef000 ---p 0002b000 08:07 296012                     /usr/lib/jvm/java-8-oracle/jre/lib/amd64/libjava.so
7fab0deef000-7fab0def1000 rw-p 0002a000 08:07 296012                     /usr/lib/jvm/java-8-oracle/jre/lib/amd64/libjava.so
7fab0def1000-7fab0defe000 r-xp 00000000 08:07 295996                     /usr/lib/jvm/java-8-oracle/jre/lib/amd64/libverify.so
7fab0defe000-7fab0e0fe000 ---p 0000d000 08:07 295996                     /usr/lib/jvm/java-8-oracle/jre/lib/amd64/libverify.so
7fab0e0fe000-7fab0e100000 rw-p 0000d000 08:07 295996                     /usr/lib/jvm/java-8-oracle/jre/lib/amd64/libverify.so
7fab0e100000-7fab0e107000 r-xp 00000000 08:07 413498                     /lib/x86_64-linux-gnu/librt-2.19.so
7fab0e107000-7fab0e306000 ---p 00007000 08:07 413498                     /lib/x86_64-linux-gnu/librt-2.19.so
7fab0e306000-7fab0e307000 r--p 00006000 08:07 413498                     /lib/x86_64-linux-gnu/librt-2.19.so
7fab0e307000-7fab0e308000 rw-p 00007000 08:07 413498                     /lib/x86_64-linux-gnu/librt-2.19.so
7fab0e308000-7fab0e40d000 r-xp 00000000 08:07 394379                     /lib/x86_64-linux-gnu/libm-2.19.so
7fab0e40d000-7fab0e60c000 ---p 00105000 08:07 394379                     /lib/x86_64-linux-gnu/libm-2.19.so
7fab0e60c000-7fab0e60d000 r--p 00104000 08:07 394379                     /lib/x86_64-linux-gnu/libm-2.19.so
7fab0e60d000-7fab0e60e000 rw-p 00105000 08:07 394379                     /lib/x86_64-linux-gnu/libm-2.19.so
7fab0e60e000-7fab0f2e1000 r-xp 00000000 08:07 296048                     /usr/lib/jvm/java-8-oracle/jre/lib/amd64/server/libjvm.so
7fab0f2e1000-7fab0f4e0000 ---p 00cd3000 08:07 296048                     /usr/lib/jvm/java-8-oracle/jre/lib/amd64/server/libjvm.so
7fab0f4e0000-7fab0f5ba000 rw-p 00cd2000 08:07 296048                     /usr/lib/jvm/java-8-oracle/jre/lib/amd64/server/libjvm.so
7fab0f5ba000-7fab0f605000 rw-p 00000000 00:00 0 
7fab0f605000-7fab0f7c3000 r-xp 00000000 08:07 394380                     /lib/x86_64-linux-gnu/libc-2.19.so
7fab0f7c3000-7fab0f9c3000 ---p 001be000 08:07 394380                     /lib/x86_64-linux-gnu/libc-2.19.so
7fab0f9c3000-7fab0f9c7000 r--p 001be000 08:07 394380                     /lib/x86_64-linux-gnu/libc-2.19.so
7fab0f9c7000-7fab0f9c9000 rw-p 001c2000 08:07 394380                     /lib/x86_64-linux-gnu/libc-2.19.so
7fab0f9c9000-7fab0f9ce000 rw-p 00000000 00:00 0 
7fab0f9ce000-7fab0f9d1000 r-xp 00000000 08:07 413497                     /lib/x86_64-linux-gnu/libdl-2.19.so
7fab0f9d1000-7fab0fbd0000 ---p 00003000 08:07 413497                     /lib/x86_64-linux-gnu/libdl-2.19.so
7fab0fbd0000-7fab0fbd1000 r--p 00002000 08:07 413497                     /lib/x86_64-linux-gnu/libdl-2.19.so
7fab0fbd1000-7fab0fbd2000 rw-p 00003000 08:07 413497                     /lib/x86_64-linux-gnu/libdl-2.19.so
7fab0fbd2000-7fab0fbe7000 r-xp 00000000 08:07 296326                     /usr/lib/jvm/java-8-oracle/lib/amd64/jli/libjli.so
7fab0fbe7000-7fab0fde7000 ---p 00015000 08:07 296326                     /usr/lib/jvm/java-8-oracle/lib/amd64/jli/libjli.so
7fab0fde7000-7fab0fde8000 rw-p 00015000 08:07 296326                     /usr/lib/jvm/java-8-oracle/lib/amd64/jli/libjli.so
7fab0fde8000-7fab0fe01000 r-xp 00000000 08:07 413493                     /lib/x86_64-linux-gnu/libpthread-2.19.so
7fab0fe01000-7fab10000000 ---p 00019000 08:07 413493                     /lib/x86_64-linux-gnu/libpthread-2.19.so
7fab10000000-7fab10001000 r--p 00018000 08:07 413493                     /lib/x86_64-linux-gnu/libpthread-2.19.so
7fab10001000-7fab10002000 rw-p 00019000 08:07 413493                     /lib/x86_64-linux-gnu/libpthread-2.19.so
7fab10002000-7fab10006000 rw-p 00000000 00:00 0 
7fab10006000-7fab10029000 r-xp 00000000 08:07 413501                     /lib/x86_64-linux-gnu/ld-2.19.so
7fab10029000-7fab1002a000 r--s 00007000 08:08 17957150                   /home/iliak/.gradle/wrapper/dists/gradle-3.5.1-all/42vjebfdws9pjts3l4bouoq0p/gradle-3.5.1/lib/slf4j-api-1.7.10.jar
7fab1002a000-7fab10034000 r--s 00116000 08:07 296069                     /usr/lib/jvm/java-8-oracle/jre/lib/ext/localedata.jar
7fab10034000-7fab100f9000 rw-p 00000000 00:00 0 
7fab100f9000-7fab100fc000 ---p 00000000 00:00 0 
7fab100fc000-7fab101fe000 rw-p 00000000 00:00 0                          [stack:18857]
7fab101fe000-7fab101ff000 r--s 00004000 08:08 17957176                   /home/iliak/.gradle/wrapper/dists/gradle-3.5.1-all/42vjebfdws9pjts3l4bouoq0p/gradle-3.5.1/lib/ant-launcher-1.9.6.jar
7fab101ff000-7fab10208000 r--s 00046000 08:08 17957142                   /home/iliak/.gradle/wrapper/dists/gradle-3.5.1-all/42vjebfdws9pjts3l4bouoq0p/gradle-3.5.1/lib/gradle-base-services-3.5.1.jar
7fab10208000-7fab1021c000 rw-p 00000000 00:00 0 
7fab1021c000-7fab10224000 rw-s 00000000 08:07 945155                     /tmp/hsperfdata_iliak/18853
7fab10224000-7fab10225000 rw-p 00000000 00:00 0 
7fab10225000-7fab10226000 ---p 00000000 00:00 0 
7fab10226000-7fab10228000 rw-p 00000000 00:00 0 
7fab10228000-7fab10229000 r--p 00022000 08:07 413501                     /lib/x86_64-linux-gnu/ld-2.19.so
7fab10229000-7fab1022a000 rw-p 00023000 08:07 413501                     /lib/x86_64-linux-gnu/ld-2.19.so
7fab1022a000-7fab1022b000 rw-p 00000000 00:00 0 
7fffe0186000-7fffe01a7000 rw-p 00000000 00:00 0                          [stack]
7fffe01df000-7fffe01e1000 r--p 00000000 00:00 0                          [vvar]
7fffe01e1000-7fffe01e3000 r-xp 00000000 00:00 0                          [vdso]
ffffffffff600000-ffffffffff601000 r-xp 00000000 00:00 0                  [vsyscall]

VM Arguments:
jvm_args: -XX:MaxPermSize=256m -XX:+HeapDumpOnOutOfMemoryError -Xmx1024m -Dfile.encoding=UTF-8 -Duser.country=PL -Duser.language=pl -Duser.variant 
java_command: org.gradle.launcher.daemon.bootstrap.GradleDaemon 3.5.1
java_class_path (initial): /home/iliak/.gradle/wrapper/dists/gradle-3.5.1-all/42vjebfdws9pjts3l4bouoq0p/gradle-3.5.1/lib/gradle-launcher-3.5.1.jar
Launcher Type: SUN_STANDARD

Environment Variables:
JAVA_HOME=/usr/lib/jvm/java-8-oracle/
JRE_HOME=/usr/lib/jvm/java-8-oracle/jre
PATH=/usr/local/sbin:/usr/local/bin:/usr/sbin:/usr/bin:/sbin:/bin:/usr/games:/usr/local/games:/home/iliak/.Programy/apache-maven-3.5.0/bin/
USERNAME=iliak
LD_LIBRARY_PATH=/home/iliak/.Programy/idea-IU-171.4694.23/bin:
SHELL=/bin/bash
DISPLAY=:0.0

Signal Handlers:
SIGSEGV: [libjvm.so+0xacba10], sa_mask[0]=11111111011111111101111111111110, sa_flags=SA_RESTART|SA_SIGINFO
SIGBUS: [libjvm.so+0xacba10], sa_mask[0]=11111111011111111101111111111110, sa_flags=SA_RESTART|SA_SIGINFO
SIGFPE: [libjvm.so+0x924ba0], sa_mask[0]=11111111011111111101111111111110, sa_flags=SA_RESTART|SA_SIGINFO
SIGPIPE: [libjvm.so+0x924ba0], sa_mask[0]=11111111011111111101111111111110, sa_flags=SA_RESTART|SA_SIGINFO
SIGXFSZ: [libjvm.so+0x924ba0], sa_mask[0]=11111111011111111101111111111110, sa_flags=SA_RESTART|SA_SIGINFO
SIGILL: [libjvm.so+0x924ba0], sa_mask[0]=11111111011111111101111111111110, sa_flags=SA_RESTART|SA_SIGINFO
SIGUSR1: SIG_DFL, sa_mask[0]=00000000000000000000000000000000, sa_flags=none
SIGUSR2: [libjvm.so+0x9263e0], sa_mask[0]=00100000000000000000000000000000, sa_flags=SA_RESTART|SA_SIGINFO
SIGHUP: [libjvm.so+0x9277e0], sa_mask[0]=11111111011111111101111111111110, sa_flags=SA_RESTART|SA_SIGINFO
SIGINT: [libjvm.so+0x9277e0], sa_mask[0]=11111111011111111101111111111110, sa_flags=SA_RESTART|SA_SIGINFO
SIGTERM: [libjvm.so+0x9277e0], sa_mask[0]=11111111011111111101111111111110, sa_flags=SA_RESTART|SA_SIGINFO
SIGQUIT: [libjvm.so+0x9277e0], sa_mask[0]=11111111011111111101111111111110, sa_flags=SA_RESTART|SA_SIGINFO


---------------  S Y S T E M  ---------------

OS:DISTRIB_ID=LinuxMint
DISTRIB_RELEASE=17.3
DISTRIB_CODENAME=rosa
DISTRIB_DESCRIPTION="Linux Mint 17.3 Rosa"

uname:Linux 3.19.0-32-generic #37~14.04.1-Ubuntu SMP Thu Oct 22 09:41:40 UTC 2015 x86_64
libc:glibc 2.19 NPTL 2.19 
rlimit: STACK 8192k, CORE 0k, NPROC 15091, NOFILE 4096, AS infinity
load average:6,22 3,74 2,90

/proc/meminfo:
MemTotal:        3936844 kB
MemFree:          108872 kB
MemAvailable:      63028 kB
Buffers:            1564 kB
Cached:           102852 kB
SwapCached:        38284 kB
Active:          2793600 kB
Inactive:         860520 kB
Active(anon):    2788824 kB
Inactive(anon):   824644 kB
Active(file):       4776 kB
Inactive(file):    35876 kB
Unevictable:       10808 kB
Mlocked:           10808 kB
SwapTotal:       1500156 kB
SwapFree:            100 kB
Dirty:               356 kB
Writeback:             0 kB
AnonPages:       3522548 kB
Mapped:            60228 kB
Shmem:             55112 kB
Slab:              71908 kB
SReclaimable:      36584 kB
SUnreclaim:        35324 kB
KernelStack:       11584 kB
PageTables:        35868 kB
NFS_Unstable:          0 kB
Bounce:                0 kB
WritebackTmp:          0 kB
CommitLimit:     3468576 kB
Committed_AS:    7523820 kB
VmallocTotal:   34359738367 kB
VmallocUsed:      565836 kB
VmallocChunk:   34359083680 kB
HardwareCorrupted:     0 kB
AnonHugePages:   1150976 kB
CmaTotal:              0 kB
CmaFree:               0 kB
HugePages_Total:       0
HugePages_Free:        0
HugePages_Rsvd:        0
HugePages_Surp:        0
Hugepagesize:       2048 kB
DirectMap4k:      148220 kB
DirectMap2M:     3936256 kB


CPU:total 4 (initial active 4) (2 cores per cpu, 2 threads per core) family 6 model 58 stepping 9, cmov, cx8, fxsr, mmx, sse, sse2, sse3, ssse3, sse4.1, sse4.2, popcnt, avx, clmul, erms, ht, tsc, tscinvbit, tscinv

/proc/cpuinfo:
processor	: 0
vendor_id	: GenuineIntel
cpu family	: 6
model		: 58
model name	: Intel(R) Core(TM) i3-3110M CPU @ 2.40GHz
stepping	: 9
microcode	: 0x17
cpu MHz		: 1202.437
cache size	: 3072 KB
physical id	: 0
siblings	: 4
core id		: 0
cpu cores	: 2
apicid		: 0
initial apicid	: 0
fpu		: yes
fpu_exception	: yes
cpuid level	: 13
wp		: yes
flags		: fpu vme de pse tsc msr pae mce cx8 apic sep mtrr pge mca cmov pat pse36 clflush dts acpi mmx fxsr sse sse2 ss ht tm pbe syscall nx rdtscp lm constant_tsc arch_perfmon pebs bts rep_good nopl xtopology nonstop_tsc aperfmperf eagerfpu pni pclmulqdq dtes64 monitor ds_cpl vmx est tm2 ssse3 cx16 xtpr pdcm pcid sse4_1 sse4_2 x2apic popcnt tsc_deadline_timer xsave avx f16c lahf_lm arat epb pln pts dtherm tpr_shadow vnmi flexpriority ept vpid fsgsbase smep erms xsaveopt
bugs		:
bogomips	: 4789.01
clflush size	: 64
cache_alignment	: 64
address sizes	: 36 bits physical, 48 bits virtual
power management:

processor	: 1
vendor_id	: GenuineIntel
cpu family	: 6
model		: 58
model name	: Intel(R) Core(TM) i3-3110M CPU @ 2.40GHz
stepping	: 9
microcode	: 0x17
cpu MHz		: 1200.000
cache size	: 3072 KB
physical id	: 0
siblings	: 4
core id		: 0
cpu cores	: 2
apicid		: 1
initial apicid	: 1
fpu		: yes
fpu_exception	: yes
cpuid level	: 13
wp		: yes
flags		: fpu vme de pse tsc msr pae mce cx8 apic sep mtrr pge mca cmov pat pse36 clflush dts acpi mmx fxsr sse sse2 ss ht tm pbe syscall nx rdtscp lm constant_tsc arch_perfmon pebs bts rep_good nopl xtopology nonstop_tsc aperfmperf eagerfpu pni pclmulqdq dtes64 monitor ds_cpl vmx est tm2 ssse3 cx16 xtpr pdcm pcid sse4_1 sse4_2 x2apic popcnt tsc_deadline_timer xsave avx f16c lahf_lm arat epb pln pts dtherm tpr_shadow vnmi flexpriority ept vpid fsgsbase smep erms xsaveopt
bugs		:
bogomips	: 4789.01
clflush size	: 64
cache_alignment	: 64
address sizes	: 36 bits physical, 48 bits virtual
power management:

processor	: 2
vendor_id	: GenuineIntel
cpu family	: 6
model		: 58
model name	: Intel(R) Core(TM) i3-3110M CPU @ 2.40GHz
stepping	: 9
microcode	: 0x17
cpu MHz		: 1266.187
cache size	: 3072 KB
physical id	: 0
siblings	: 4
core id		: 1
cpu cores	: 2
apicid		: 2
initial apicid	: 2
fpu		: yes
fpu_exception	: yes
cpuid level	: 13
wp		: yes
flags		: fpu vme de pse tsc msr pae mce cx8 apic sep mtrr pge mca cmov pat pse36 clflush dts acpi mmx fxsr sse sse2 ss ht tm pbe syscall nx rdtscp lm constant_tsc arch_perfmon pebs bts rep_good nopl xtopology nonstop_tsc aperfmperf eagerfpu pni pclmulqdq dtes64 monitor ds_cpl vmx est tm2 ssse3 cx16 xtpr pdcm pcid sse4_1 sse4_2 x2apic popcnt tsc_deadline_timer xsave avx f16c lahf_lm arat epb pln pts dtherm tpr_shadow vnmi flexpriority ept vpid fsgsbase smep erms xsaveopt
bugs		:
bogomips	: 4789.01
clflush size	: 64
cache_alignment	: 64
address sizes	: 36 bits physical, 48 bits virtual
power management:

processor	: 3
vendor_id	: GenuineIntel
cpu family	: 6
model		: 58
model name	: Intel(R) Core(TM) i3-3110M CPU @ 2.40GHz
stepping	: 9
microcode	: 0x17
cpu MHz		: 1294.218
cache size	: 3072 KB
physical id	: 0
siblings	: 4
core id		: 1
cpu cores	: 2
apicid		: 3
initial apicid	: 3
fpu		: yes
fpu_exception	: yes
cpuid level	: 13
wp		: yes
flags		: fpu vme de pse tsc msr pae mce cx8 apic sep mtrr pge mca cmov pat pse36 clflush dts acpi mmx fxsr sse sse2 ss ht tm pbe syscall nx rdtscp lm constant_tsc arch_perfmon pebs bts rep_good nopl xtopology nonstop_tsc aperfmperf eagerfpu pni pclmulqdq dtes64 monitor ds_cpl vmx est tm2 ssse3 cx16 xtpr pdcm pcid sse4_1 sse4_2 x2apic popcnt tsc_deadline_timer xsave avx f16c lahf_lm arat epb pln pts dtherm tpr_shadow vnmi flexpriority ept vpid fsgsbase smep erms xsaveopt
bugs		:
bogomips	: 4789.01
clflush size	: 64
cache_alignment	: 64
address sizes	: 36 bits physical, 48 bits virtual
power management:



Memory: 4k page, physical 3936844k(108872k free), swap 1500156k(100k free)

vm_info: Java HotSpot(TM) 64-Bit Server VM (25.144-b01) for linux-amd64 JRE (1.8.0_144-b01), built on Jul 21 2017 21:57:33 by "java_re" with gcc 4.3.0 20080428 (Red Hat 4.3.0-8)

time: Wed Oct 18 03:04:24 2017
elapsed time: 104 seconds (0d 0h 1m 44s)

